[]  Dendrochronology Program Library                                        Run HICAL  Program COF  16:54  Wed 02 Feb 2016  Page   1
[]
[]  P R O G R A M      C O F E C H A                                                                          Version 6.06P    29620
------------------------------------------------------------------------------------------------------------------------------------

 QUALITY CONTROL AND DATING CHECK OF TREE-RING MEASUREMENTS

 Title of run:           HICALLgoodrun1                          

 File of DATED series:   HICall.rwl

 CONTENTS:

    Part 1:  Title page, options selected, summary, absent rings by series
    Part 2:  Histogram of time spans
    Part 3:  Master series with sample depth and absent rings by year
    Part 4:  Bar plot of Master Dating Series
    Part 5:  Correlation by segment of each series with Master
    Part 6:  Potential problems: low correlation, divergent year-to-year changes, absent rings, outliers
    Part 7:  Descriptive statistics

 RUN CONTROL OPTIONS SELECTED                             VALUE

         1  Cubic smoothing spline 50% wavelength cutoff for filtering
                                                            32 years
         2  Segments examined are                           50 years lagged successively by  25 years
         3  Autoregressive model applied                     A  Residuals are used in master dating series and testing
         4  Series transformed to logarithms                 Y  Each series log-transformed for master dating series and testing
         5  CORRELATION is Spearman (nonparametric, robust)
            Critical correlation, 99% confidence level   .3281
         6  Master dating series saved                       V
         7  Ring measurements listed                         Y
         8  Parts printed                             1234567  
         9  Absent rings are omitted from master series and segment correlations  (Y)

 Text in file: 87783503   Unnamed object                                      UNKN             

 Text in file: 87783503   Unknown      Plantae                                      1906 2016  

 Text in file: 87783503   Unknown                                                        201601

 Time span of Master dating series is  1867 to  2015   149 years
 Continuous time span is               1867 to  2015   149 years
 Portion with two or more series is    1875 to  2015   141 years


 Text in file: 87783503   Unnamed object                                      UNKN             

 Text in file: 87783503   Unknown      Plantae                                      1906 2016  

 Text in file: 87783503   Unknown                                                        201601

                                        ****************************************
                                        *C* Number of dated series         7 *C*
                                        *O* Master series 1867 2015  149 yrs *O*
                                        *F* Total rings in all series    842 *F*
                                        *E* Total dated rings checked    834 *E*
                                        *C* Series intercorrelation     .582 *C*
                                        *H* Average mean sensitivity    .246 *H*
                                        *A* Segments, possible problems    3 *A*
                                        *** Mean length of series      120.3 ***
                                        ****************************************

 ABSENT RINGS listed by SERIES:            (See Master Dating Series for absent rings listed by year)

               No ring measurements of zero value
PART 2:  TIME PLOT OF TREE-RING SERIES: HICALLgoodrun1                                             16:54  Wed 02 Feb 2016  Page   2
------------------------------------------------------------------------------------------------------------------------------------
 1050 1100 1150 1200 1250 1300 1350 1400 1450 1500 1550 1600 1650 1700 1750 1800 1850 1900 1950 2000 2050 Ident   Seq Time-span  Yrs
   :    :    :    :    :    :    :    :    :    :    :    :    :    :    :    :    :    :    :    :    : -------- --- ---- ---- ----
   .    .    .    .    .    .    .    .    .    .    .    .    .    .    .    .    .    <==========>   . HIC1180    1 1906 2015  110
   .    .    .    .    .    .    .    .    .    .    .    .    .    .    .    .    .    . <========>   . HIC1349    2 1922 2015   94
   .    .    .    .    .    .    .    .    .    .    .    .    .    .    .    .    .    <==========>   . HIC1396    3 1902 2015  114
   .    .    .    .    .    .    .    .    .    .    .    .    .    .    .    .    .  <============>   . HIC1398    4 1885 2015  131
   .    .    .    .    .    .    .    .    .    .    .    .    .    .    .    .    . <=============>   . HIC1424    5 1875 2015  141
   .    .    .    .    .    .    .    .    .    .    .    .    .    .    .    .    .<==============>   . HIC1891    6 1867 2015  149
   .    .    .    .    .    .    .    .    .    .    .    .    .    .    .    .    .    .<=========>   . HIC1896    7 1913 2015  103
   :    :    :    :    :    :    :    :    :    :    :    :    :    :    :    :    :    :    :    :    :
 1050 1100 1150 1200 1250 1300 1350 1400 1450 1500 1550 1600 1650 1700 1750 1800 1850 1900 1950 2000 2050
PART 3:  Master Dating Series: HICALLgoodrun1                                                      16:54  Wed 02 Feb 2016  Page   3
------------------------------------------------------------------------------------------------------------------------------------
  Year  Value  No Ab    Year  Value  No Ab    Year  Value  No Ab    Year  Value  No Ab    Year  Value  No Ab    Year  Value  No Ab
  ------------------    ------------------    ------------------    ------------------    ------------------    ------------------
                        1900 -1.173   3       1950  -.743   7       2000   .908   7
                        1901  -.716   3       1951   .943   7       2001   .702   7
                        1902  1.142   4       1952   .402   7       2002 -1.402   7
                        1903  1.493   4       1953  -.053   7       2003  -.375   7
                        1904   .111   4       1954   .156   7       2004  -.412   7
                        1905  1.602   4       1955   .918   7       2005  -.106   7
                        1906  -.453   5       1956  -.566   7       2006  -.345   7
                        1907   .594   5       1957  1.017   7       2007   .579   7
                        1908  1.788   5       1958  1.413   7       2008  1.215   7
                        1909   .045   5       1959  -.642   7       2009   .823   7

                        1910  -.670   5       1960  1.630   7       2010   .364   7
                        1911 -3.191   5       1961  -.854   7       2011  1.263   7
                        1912   .484   5       1962  -.484   7       2012 -1.158   7
                        1913   .378   6       1963 -1.642   7       2013  -.292   7
                        1914  -.077   6       1964   .631   7       2014   .629   7
                        1915  -.498   6       1965  -.593   7       2015 -1.434   7
                        1916   .602   6       1966 -1.499   7
  1867  1.865   1       1917   .266   6       1967  -.131   7
  1868  -.082   1       1918  -.245   6       1968  -.614   7
  1869   .378   1       1919 -1.425   6       1969  1.459   7

  1870  1.855   1       1920 -1.342   6       1970  -.310   7
  1871  1.109   1       1921   .098   6       1971   .873   7
  1872   .176   1       1922  1.630   7       1972  1.651   7
  1873 -1.065   1       1923  -.575   7       1973   .216   7
  1874  -.680   1       1924   .900   7       1974   .945   7
  1875  -.474   2       1925  -.255   7       1975   .079   7
  1876  -.628   2       1926  -.353   7       1976  -.302   7
  1877   .931   2       1927   .220   7       1977 -2.263   7
  1878  -.814   2       1928  1.464   7       1978   .068   7
  1879   .599   2       1929  1.333   7       1979  -.288   7

  1880   .998   2       1930   .671   7       1980   .064   7
  1881  1.466   2       1931   .030   7       1981 -1.385   7
  1882   .907   2       1932   .052   7       1982   .202   7
  1883   .528   2       1933  -.620   7       1983   .004   7
  1884   .579   2       1934 -3.832   7       1984  -.403   7
  1885   .000   3       1935  -.293   7       1985   .231   7
  1886 -1.153   3       1936 -1.060   7       1986  1.585   7
  1887  -.466   3       1937   .583   7       1987  1.265   7
  1888  -.074   3       1938   .938   7       1988  -.190   7
  1889  -.115   3       1939  -.187   7       1989  -.829   7

  1890  -.447   3       1940 -1.086   7       1990   .203   7
  1891  -.103   3       1941  -.112   7       1991  -.544   7
  1892  -.395   3       1942  1.299   7       1992  -.254   7
  1893 -1.557   3       1943   .307   7       1993  1.819   7
  1894 -2.343   3       1944   .752   7       1994 -1.187   7
  1895  -.863   3       1945  1.567   7       1995  -.187   7
  1896   .149   3       1946   .565   7       1996  -.978   7
  1897  -.385   3       1947  -.685   7       1997  -.939   7
  1898  -.099   3       1948 -2.161   7       1998   .444   7
  1899   .385   3       1949 -1.537   7       1999   .157   7
------------------------------------------------------------------------------------------------------------------------------------
PART 4:  Master Bar Plot: HICALLgoodrun1                                                           16:54  Wed 02 Feb 2016  Page   4
------------------------------------------------------------------------------------------------------------------------------------
   Year Rel value  Year Rel value  Year Rel value  Year Rel value  Year Rel value  Year Rel value  Year Rel value  Year Rel value
                   1900-e          1950--c         2000--------D
                   1901--c         1951--------D   2001--------C
                   1902---------E  1952-------B    2002f
                   1903----------F 1953-----@      2003---a
                   1904------@     1954------A     2004---b
                   1905----------F 1955--------D   2005----@
                   1906---b        1956--b         2006---a
                   1907-------B    1957--------D   2007-------B
                   1908----------G 1958---------F  2008---------E
                   1909-----@      1959--c         2009--------C
                   1910--c         1960----------G 2010------A
                   1911m           1961-c          2011---------E
                   1912-------B    1962---b        2012-e
                   1913-------B    1963g           2013----a
                   1914-----@      1964-------C    2014-------C
                   1915---b        1965--b         2015f
                   1916-------B    1966f
   1867----------G 1917------A     1967----a
   1868-----@      1918----a       1968--b
   1869-------B    1919f           1969----------F
   1870----------G 1920e           1970---a
   1871---------D  1921-----@      1971--------C
   1872------A     1922----------G 1972----------G
   1873-d          1923--b         1973------A
   1874--c         1924--------D   1974--------D
   1875---b        1925----a       1975-----@
   1876--c         1926---a        1976---a
   1877--------D   1927------A     1977i
   1878--c         1928----------F 1978-----@
   1879-------B    1929---------E  1979----a
   1880--------D   1930-------C    1980-----@
   1881----------F 1931-----@      1981f
   1882--------D   1932-----@      1982------A
   1883-------B    1933--b         1983-----@
   1884-------B    1934o           1984---b
   1885-----@      1935----a       1985------A
   1886-e          1936-d          1986----------F
   1887---b        1937-------B    1987---------E
   1888-----@      1938--------D   1988----a
   1889----@       1939----a       1989--c
   1890---b        1940-d          1990------A
   1891----@       1941----@       1991--b
   1892---b        1942---------E  1992----a
   1893f           1943------A     1993----------G
   1894i           1944--------C   1994-e
   1895-c          1945----------F 1995----a
   1896------A     1946-------B    1996-d
   1897---b        1947--c         1997-d
   1898----@       1948i           1998-------B
   1899-------B    1949f           1999------A
PART 5:  CORRELATION OF SERIES BY SEGMENTS: HICALLgoodrun1                                         16:54  Wed 02 Feb 2016  Page   5
------------------------------------------------------------------------------------------------------------------------------------
 Correlations of  50-year dated segments, lagged  25 years
 Flags:  A = correlation under   .3281 but highest as dated;  B = correlation higher at other than dated position

 Seq Series  Time_span   1875 1900 1925 1950 1975
                         1924 1949 1974 1999 2024
 --- -------- ---------  ---- ---- ---- ---- ---- ---- ---- ---- ---- ---- ---- ---- ---- ---- ---- ---- ---- ---- ---- ----
   1 HIC1180  1906 2015        .74  .73  .63  .65
   2 HIC1349  1922 2015        .79  .79  .71  .61
   3 HIC1396  1902 2015        .73  .77  .59  .49
   4 HIC1398  1885 2015   .53  .79  .87  .72  .71
   5 HIC1424  1875 2015   .32A .70  .71  .68  .57
   6 HIC1891  1867 2015   .28A .65  .63  .53  .42
   7 HIC1896  1913 2015        .38  .26B .43  .54
 Av segment correlation   .38  .68  .68  .61  .57
PART 6:  POTENTIAL PROBLEMS: HICALLgoodrun1                                                        16:54  Wed 02 Feb 2016  Page   5
------------------------------------------------------------------------------------------------------------------------------------

 For each series with potential problems the following diagnostics may appear:

 [A] Correlations with master dating series of flagged  50-year segments of series filtered with  32-year spline,
     at every point from ten years earlier (-10) to ten years later (+10) than dated

 [B] Effect of those data values which most lower or raise correlation with master series
     Symbol following year indicates value in series is greater (>) or lesser (<) than master series value

 [C] Year-to-year changes very different from the mean change in other series

 [D] Absent rings (zero values)

 [E] Values which are statistical outliers from mean for the year
====================================================================================================================================

 HIC1180   1906 to  2015     110 years                                                                                    Series   1

 [B] Entire series, effect on correlation (  .742) is:
       Lower   1988< -.017   1981> -.013   1939> -.009   1998< -.009   1991> -.008   1966> -.008  Higher   1934  .033   1911  .031


 HIC1180  Ring measurements
                          Annual values
 Date     0    1    2    3    4    5    6    7    8    9
 1906                                  130  161  181  125
 1910    100   59  137  142  132  109  140  131  113   82
 1920     87  105  136  103  104   90   89   86  126  102
 1930     90   89   85   86   50   66   55   80   87   93
 1940     56   80   98   76   78   79   82   57   58   50
 1950     53   85   63   79   67  107   85  123  105   86
 1960    100   76   99   77  121   93   99  101   88  126
 1970    109  139  167  104  127  113  122   90  140  112
 1980    117  121  122  126  104  128  186  142   90   99
 1990    135  161  129  198  127  159  137  128  129  177
 2000    193  188  133  166  129  157  182  207  196  270
 2010    147  168  107  142  166   94
====================================================================================================================================

 HIC1349   1922 to  2015      94 years                                                                                    Series   2

 [B] Entire series, effect on correlation (  .738) is:
       Lower   1987< -.021   2011< -.020   1949> -.014   1932< -.012   1925< -.011   1984> -.011  Higher   1934  .054   1948  .010


 HIC1349  Ring measurements
                          Annual values
 Date     0    1    2    3    4    5    6    7    8    9
 1922              224  148  169  105  162  163  208  188
 1930    145  121   84   87   42   92  104  134  186  125
 1940     92  124  182  134  162  235  159  141   87  155
 1950    153  262  209  123  113  209  124  199  234   94
 1960    209  120  121   85  136   99   93  108  109  151
 1970    111  160  145  122  158  116  124   86   91   92
 1980    105   80  116  121  136  124  143  100   98   88
 1990    120  105   96  170   99  100   97  126  134  150
 2000    220  194  108  143   87   98   88  121  138  188
 2010    158  107   97  107  151   98
====================================================================================================================================

 HIC1396   1902 to  2015     114 years                                                                                    Series   3

 [B] Entire series, effect on correlation (  .623) is:
       Lower   2005> -.021   1919> -.015   2002> -.014   1992> -.012   1994> -.009   1957< -.008  Higher   1934  .028   1911  .028

 [E] Outliers     2   3.0 SD above or -4.5 SD below mean for year
       1992 +3.1 SD;    2005 +4.4 SD

 HIC1396  Ring measurements
                          Annual values
 Date     0    1    2    3    4    5    6    7    8    9
 1902              221  196  158  224  144  141  210  143
 1910    139   58  150  159  120  137  166  195  174  167
 1920    141  162  202  132  169  165  117  167  182  168
 1930    167  112  131  102   67  110   92  132  126  102
 1940     80   99  127  112  137  132  110   89   76   60
 1950     76  118   86  100  114  105  101   92  136   89
 1960    116   92   89   97  106   94   84  110  101  134
 1970    111  110  130  102  123  129   94   87  109  100
 1980     83   61   77   97   90  125  134  122   86   90
 1990    111   81  156  154  108  122   84   56   90   88
 2000     99  111  111   90  111  163   89   94  113   91
 2010     90  108   86  102  111   79
====================================================================================================================================

 HIC1398   1885 to  2015     131 years                                                                                    Series   4

 [B] Entire series, effect on correlation (  .685) is:
       Lower   1923< -.018   1885> -.017   1899< -.014   1988> -.010   2005< -.010   1989> -.006  Higher   1934  .024   1977  .012


 HIC1398  Ring measurements
                          Annual values
 Date     0    1    2    3    4    5    6    7    8    9
 1885                             274  155  186  221  227
 1890    187  213  170  125   85  164  208  126  163  124
 1900    114  120  187  215  148  253  157  221  224  181
 1910    173  120  204  155  167  155  157  132  133  131
 1920    136  136  144   85  163  112  107  135  173  179
 1930    145  110  121  111   59  103   91  150  204  111
 1940    104  101  155  112  128  150  131   94   85   86
 1950    111  146  135  108  122  125  100  205  164   96
 1960    186  111  127  106  152  119   77  141  104  225
 1970    147  153  199  140  154  118  130   91  167  151
 1980    153  132  175  182  173  168  184  202  192  175
 1990    180  144  147  239  119  138  140  115  163  134
 2000    181  170  107  125  130  106  148  165  204  158
 2010    165  232  134  179  181   83
====================================================================================================================================

 HIC1424   1875 to  2015     141 years                                                                                    Series   5

 [A] Segment   High   -10   -9   -8   -7   -6   -5   -4   -3   -2   -1   +0   +1   +2   +3   +4   +5   +6   +7   +8   +9  +10
    ---------  ----   ---  ---  ---  ---  ---  ---  ---  ---  ---  ---  ---  ---  ---  ---  ---  ---  ---  ---  ---  ---  ---
    1875 1924    0      -    - -.12 -.01 -.03 -.04 -.18 -.02  .07  .07  .32* .06  .01  .21  .07 -.03  .12  .08  .00 -.07 -.03

 [B] Entire series, effect on correlation (  .552) is:
       Lower   1970< -.037   1878< -.029   1881> -.013   1875> -.012   1899> -.011   1891< -.010  Higher   1934  .052   1911  .018
     1875 to 1924 segment:
       Lower   1878< -.082   1881> -.034   1875> -.028   1899> -.028   1891< -.027   1896< -.023  Higher   1911  .112   1908  .028

 [E] Outliers     3   3.0 SD above or -4.5 SD below mean for year
       1875 +3.0 SD;    1881 +3.8 SD;    1899 +3.5 SD

 HIC1424  Ring measurements
                          Annual values
 Date     0    1    2    3    4    5    6    7    8    9
 1875                             149  127  135   83  129
 1880    137  202  118   86   95   97   74   56   74  114
 1890     67   39   55   53   38   35   43   75  102  240
 1900     82  130  190  203  156  245  124  160  234  149
 1910    108   77  155  146  175  181  185  148  128  101
 1920    107  148  154  137  143  149  103  109  158  165
 1930    132  137  101   90   46   84   59   94  104  106
 1940    100  117  115  106  117  141  114   87   57   65
 1950     64   75   89   82   88  130   87  106  131   93
 1960    141   91   93   80  112  106   76  111  129  154
 1970     89  127  150  124  139  126  128  116  131  126
 1980    149  125  177  133  138  154  318  213  197  121
 1990    129  112   96  127   82  155  104  131  160  133
 2000    144  147  113  132  154  191  209  240  221  225
 2010    200  347  208  165  181  146
====================================================================================================================================

 HIC1891   1867 to  2015     149 years                                                                                    Series   6

 [*] Early part of series cannot be checked from 1867 to 1874 -- not matched by another series

 [A] Segment   High   -10   -9   -8   -7   -6   -5   -4   -3   -2   -1   +0   +1   +2   +3   +4   +5   +6   +7   +8   +9  +10
    ---------  ----   ---  ---  ---  ---  ---  ---  ---  ---  ---  ---  ---  ---  ---  ---  ---  ---  ---  ---  ---  ---  ---
    1875 1924    0      -    - -.06  .18  .02 -.20 -.23  .08  .06 -.02  .28* .16  .12 -.03 -.07  .23  .24  .04  .12 -.09 -.20

 [B] Entire series, effect on correlation (  .441) is:
       Lower   1878> -.030   1889< -.024   1885< -.023   1911> -.023   1881< -.015   1989> -.013  Higher   1934  .062   1948  .014
     1875 to 1924 segment:
       Lower   1889< -.063   1885< -.060   1878> -.058   1881< -.025   1875< -.023   1917< -.015  Higher   1922  .038   1908  .037

 [E] Outliers     3   3.0 SD above or -4.5 SD below mean for year
       1878 +4.3 SD;    1889 -4.9 SD;    1911 +3.9 SD

 HIC1891  Ring measurements
                          Annual values
 Date     0    1    2    3    4    5    6    7    8    9
 1867                                       307  257  251
 1870    277  242  205  167  160  129  128  177  156  130
 1880    127   92  112  115   90   36   36   52   34   17
 1890     27   42   34   19   22   32   57   59   43   54
 1900     40   44  112  176  111   92   69  107  156   92
 1910     73   69   81   81   79   59   83   55   57   60
 1920     51   92  226  156  206  129  141  137  144  167
 1930    119  126  147  105   44  219  161  273  282  181
 1940    154  166  260  204  183  308  156  174   98  160
 1950    211  316  283  228  263  214  169  239  305  192
 1960    319  225  222  142  232  149  214  177  221  277
 1970    233  219  468  307  308  316  230  196  316  277
 1980    245  125  191   83   89  131  190  535  115  296
 1990    227  145  199  255  103  145  146  165  212  238
 2000    226  166  109  175  199  157  176  212  300  176
 2010    274  255  150  233  203  116
====================================================================================================================================

 HIC1896   1913 to  2015     103 years                                                                                    Series   7

 [A] Segment   High   -10   -9   -8   -7   -6   -5   -4   -3   -2   -1   +0   +1   +2   +3   +4   +5   +6   +7   +8   +9  +10
    ---------  ----   ---  ---  ---  ---  ---  ---  ---  ---  ---  ---  ---  ---  ---  ---  ---  ---  ---  ---  ---  ---  ---
    1925 1974   -2   -.28  .06 -.01  .17 -.16  .01  .08 -.05  .28* .00  .26| .00 -.08 -.12 -.33  .06 -.23  .12 -.14  .22 -.03

 [B] Entire series, effect on correlation (  .451) is:
       Lower   1938< -.028   1972< -.024   1934> -.023   1959> -.014   1988> -.013   2015> -.011  Higher   1977  .042   1993  .014
     1925 to 1974 segment:
       Lower   1938< -.062   1972< -.050   1959> -.021   1939< -.020   1965> -.018   1958< -.016  Higher   1948  .041   1934  .030

 [E] Outliers     1   3.0 SD above or -4.5 SD below mean for year
       1965 +3.1 SD

 HIC1896  Ring measurements
                          Annual values
 Date     0    1    2    3    4    5    6    7    8    9
 1913                   168   91   69  154  232  206  113
 1920    143  225  327  222  287  268  321  317  309  331
 1930    385  346  416  324  220  357  347  269  198  166
 1940    202  253  346  331  346  367  375  261  206  247
 1950    312  318  378  349  365  350  285  323  287  323
 1960    371  241  248  240  300  322  253  274  227  251
 1970    247  280  216  261  229  204  182  130  171  202
 1980    244  190  219  220  184  199  225  258  257  142
 1990    195  183  196  304  194  177  172  198  274  201
 2000    206  216  170  190  197  180  162  188  202  185
 2010    171  207  113  111  158  155
====================================================================================================================================
PART 7:  DESCRIPTIVE STATISTICS: HICALLgoodrun1                                                    16:54  Wed 02 Feb 2016  Page   6
------------------------------------------------------------------------------------------------------------------------------------

                                                Corr   //-------- Unfiltered --------\\  //---- Filtered -----\\
                           No.    No.    No.    with   Mean   Max     Std   Auto   Mean   Max     Std   Auto  AR
 Seq Series   Interval   Years  Segmt  Flags   Master  msmt   msmt    dev   corr   sens  value    dev   corr  ()
 --- -------- ---------  -----  -----  -----   ------ -----  -----  -----  -----  -----  -----  -----  -----  --
   1 HIC1180  1906 2015    110      4      0    .707   1.15   2.70   .394   .658   .217   2.63   .438   .012   1
   2 HIC1349  1922 2015     94      4      0    .694   1.33   2.62   .422   .348   .275   2.62   .458  -.020   1
   3 HIC1396  1902 2015    114      4      0    .612   1.18   2.24   .354   .582   .215   2.58   .340   .030   1
   4 HIC1398  1885 2015    131      5      0    .675   1.49   2.74   .405   .295   .247   2.65   .450   .003   1
   5 HIC1424  1875 2015    141      5      1    .528   1.28   3.47   .511   .614   .246   2.88   .446  -.041   1
   6 HIC1891  1867 2015    149      5      1    .458   1.66   5.35   .896   .615   .314   2.83   .456  -.009   1
   7 HIC1896  1913 2015    103      4      1    .439   2.42   4.16   .747   .735   .189   2.55   .414   .082   4
 --- -------- ---------  -----  -----  -----   ------ -----  -----  -----  -----  -----  -----  -----  -----  --
 Total or mean:            842     31      3    .582   1.50   5.35   .545   .551   .246   2.88   .430   .005

                                              - = [  COFECHA HICALCOF  ] = -
