[]  Dendrochronology Program Library                                        Run WITES  Program COF  10:23  Fri 11 Feb 2016  Page   1
[]
[]  P R O G R A M      C O F E C H A                                                                          Version 6.06P    29629
------------------------------------------------------------------------------------------------------------------------------------

 QUALITY CONTROL AND DATING CHECK OF TREE-RING MEASUREMENTS

 File of DATED series:   wi008.rwl

 CONTENTS:

    Part 1:  Title page, options selected, summary, absent rings by series
    Part 2:  Histogram of time spans
    Part 3:  Master series with sample depth and absent rings by year
    Part 4:  Bar plot of Master Dating Series
    Part 5:  Correlation by segment of each series with Master
    Part 6:  Potential problems: low correlation, divergent year-to-year changes, absent rings, outliers
    Part 7:  Descriptive statistics

 RUN CONTROL OPTIONS SELECTED                             VALUE

         1  Cubic smoothing spline 50% wavelength cutoff for filtering
                                                            32 years
         2  Segments examined are                           50 years lagged successively by  25 years
         3  Autoregressive model applied                     A  Residuals are used in master dating series and testing
         4  Series transformed to logarithms                 Y  Each series log-transformed for master dating series and testing
         5  CORRELATION is Pearson (parametric, quantitative)
            Critical correlation, 99% confidence level   .3281
         6  Master dating series saved                       N
         7  Ring measurements listed                         N
         8  Parts printed                              1234567 
         9  Absent rings are omitted from master series and segment correlations  (Y)

 Text in file: SC     1 St. Croix River                                     QUMA               

 Text in file: SC     2 Wisconsin    Burr Oak           240M  4541-09253    __    1695 2008    

 Text in file: SC     3 Steven Voelker                                                         

 Time span of Master dating series is  1695 to  2015   321 years
 Continuous time span is               1695 to  2015   321 years
 Portion with two or more series is    1730 to  2015   286 years


                                        ****************************************
                                        *C* Number of dated series        34 *C*
                                        *O* Master series 1695 2015  321 yrs *O*
                                        *F* Total rings in all series   6423 *F*
                                        *E* Total dated rings checked   6388 *E*
                                        *C* Series intercorrelation     .538 *C*
                                        *H* Average mean sensitivity    .199 *H*
                                        *A* Segments, possible problems   47 *A*
                                        *** Mean length of series      188.9 ***
                                        ****************************************

 ABSENT RINGS listed by SERIES:            (See Master Dating Series for absent rings listed by year)

               No ring measurements of zero value
PART 2:  TIME PLOT OF TREE-RING SERIES:                                                            10:23  Fri 11 Feb 2016  Page   2
------------------------------------------------------------------------------------------------------------------------------------
 1050 1100 1150 1200 1250 1300 1350 1400 1450 1500 1550 1600 1650 1700 1750 1800 1850 1900 1950 2000 2050 Ident   Seq Time-span  Yrs
   :    :    :    :    :    :    :    :    :    :    :    :    :    :    :    :    :    :    :    :    : -------- --- ---- ---- ----
   .    .    .    .    .    .    .    .    .    .    .    .    .    .    .    .  <================>    . SC010      1 1835 2008  174
   .    .    .    .    .    .    .    .    .    .    .    .    .    .    .    .   <===============>    . SC012      2 1840 2008  169
   .    .    .    .    .    .    .    .    .    .    .    .    .    .    .    .    .<=============>    . SC021      3 1864 2008  145
   .    .    .    .    .    .    .    .    .    .    .    .    .    .    .   <====================>    . SC030      4 1797 2008  212
   .    .    .    .    .    .    .    .    .    .    .    .    .    .    .    .    .  <===========>    . SC041      5 1880 2008  129
   .    .    .    .    .    .    .    .    .    .    .    .    .    .    .    .<==================>    . SC050      6 1811 2008  198
   .    .    .    .    .    .    .    .    .    .    .    .    .    .    .    . <=================>    . SC051      7 1821 2008  188
   .    .    .    .    .    .    .    .    .    .    .    .    .    .    .  <=====================>    . SC060      8 1789 2008  220
   .    .    .    .    .    .    .    .    .    .    .    .    .    .    <=======================>.    . SC061      9 1759 1997  239
   .    .    .    .    .    .    .    .    .    .    .    .    .    .    .    .    . <============>    . SC071     10 1877 2008  132
   .    .    .    .    .    .    .    .    .    .    .    .    .    .    .    .    .    .<========>    . SC081     11 1915 2008   94
   .    .    .    .    .    .    .    .    .    .    .    .    .    .    .    .<==================>    . SC091     12 1818 2008  191
   .    .    .    .    .    .    .    .    .    .    .    .    .    .   <=========================>    . SC100     13 1743 2008  266
   .    .    .    .    .    .    .    .    .    .    .    .    .    .    <========================>    . SC102     14 1751 2008  258
   .    .    .    .    .    .    .    .    .    .    .    .    .    .    .<=======================>    . SC110     15 1760 2008  249
   .    .    .    .    .    .    .    .    .    .    .    .    .    .    <========================>    . SC121     16 1757 2008  252
   .    .    .    .    .    .    .    .    .    .    .    .    .    .    .    . <=================>    . SC131     17 1825 2008  184
   .    .    .    .    .    .    .    .    .    .    .    .    .    .    .    .    .<=============>    . SC141     18 1869 2008  140
   .    .    .    .    .    .    .    .    .    .    .    .    .    .    .    .    <==============>    . SC150     19 1859 2008  150
   .    .    .    .    .    .    .    .    .    .    .    .    .    .    <========================>    . SC160     20 1757 2008  252
   .    .    .    .    .    .    .    .    .    .    .    .    .    .    <=====================>  .    . SC171     21 1756 1971  216
   .    .    .    .    .    .    .    .    .    .    .    .    .    .  <==========================>    . SC180     22 1730 2008  279
   .    .    .    .    .    .    .    .    .    .    .    .    .   <==============================>    . SC182     23 1695 2008  314
   .    .    .    .    .    .    .    .    .    .    .    .    .    .    .<=======================>    . SC191     24 1762 2008  247
   .    .    .    .    .    .    .    .    .    .    .    .    .    .    <========================>    . SC192     25 1755 2008  254
   .    .    .    .    .    .    .    .    .    .    .    .    .    .    .   <====================>    . SC201     26 1792 2008  217
   .    .    .    .    .    .    .    .    .    .    .    .    .    .    .    .    .<============>.    . SC210     27 1864 1995  132
   .    .    .    .    .    .    .    .    .    .    .    .    .    .    <========================>    . SC220     28 1756 2008  253
   .    .    .    .    .    .    .    .    .    .    .    .    .    .    .    .    .  <============>   . STC211c   29 1881 2015  135
   .    .    .    .    .    .    .    .    .    .    .    .    .    .    .    .    .    .<=========>   . STC411c   30 1913 2015  103
   .    .    .    .    .    .    .    .    .    .    .    .    .    .    .    .    .    <==========>   . STC522a   31 1907 2015  109
   .    .    .    .    .    .    .    .    .    .    .    .    .    .    .    .    .   <===========>   . STC611a   32 1899 2015  117
   .    .    .    .    .    .    .    .    .    .    .    .    .    .    .    .    .    .  <=======>   . STC711b   33 1936 2015   80
   .    .    .    .    .    .    .    .    .    .    .    .    .    .    .    .    .   <===========>   . STC822a   34 1891 2015  125
   :    :    :    :    :    :    :    :    :    :    :    :    :    :    :    :    :    :    :    :    :
 1050 1100 1150 1200 1250 1300 1350 1400 1450 1500 1550 1600 1650 1700 1750 1800 1850 1900 1950 2000 2050
PART 3:  Master Dating Series:                                                                     10:23  Fri 11 Feb 2016  Page   3
------------------------------------------------------------------------------------------------------------------------------------
  Year  Value  No Ab    Year  Value  No Ab    Year  Value  No Ab    Year  Value  No Ab    Year  Value  No Ab    Year  Value  No Ab
  ------------------    ------------------    ------------------    ------------------    ------------------    ------------------
                        1700   .477   1       1750   .416   3       1800   .897  15       1850   .828  21       1900  -.654  30
                        1701  1.404   1       1751  -.265   4       1801   .992  15       1851   .587  21       1901   .707  30
                        1702  2.028   1       1752 -1.232   4       1802  1.099  15       1852   .364  21       1902  1.094  30
                        1703  1.377   1       1753  1.099   4       1803 -1.421  15       1853   .829  21       1903  1.558  30
                        1704   .192   1       1754  1.754   4       1804 -2.301  15       1854   .285  21       1904  1.066  30
                        1705  2.357   1       1755   .937   5       1805 -1.515  15       1855   .940  21       1905  1.242  30
                        1706 -1.571   1       1756   .149   7       1806   .523  15       1856  1.436  21       1906  -.214  30
                        1707  1.271   1       1757  -.685   9       1807   .884  15       1857  -.779  21       1907   .823  31
                        1708   .091   1       1758   .037   9       1808 -1.316  15       1858 -1.044  21       1908   .605  31
                        1709   .851   1       1759  -.714  10       1809  -.610  15       1859  1.153  22       1909  -.771  31

                        1710   .542   1       1760  -.068  11       1810  -.543  15       1860   .887  22       1910 -2.225  31
                        1711 -1.724   1       1761   .025  11       1811   .814  16       1861   .765  22       1911  -.691  31
                        1712 -2.005   1       1762   .798  12       1812   .781  16       1862  -.045  22       1912   .347  31
                        1713   .289   1       1763  -.034  12       1813   .199  16       1863  -.735  22       1913   .180  32
                        1714  1.697   1       1764  -.535  12       1814   .007  16       1864  -.676  24       1914   .990  32
                        1715 -2.231   1       1765  1.392  12       1815   .721  16       1865 -1.039  24       1915 -2.470  33
                        1716 -1.223   1       1766   .818  12       1816  -.914  16       1866  1.070  24       1916   .685  33
                        1717 -1.890   1       1767   .756  12       1817  -.050  16       1867   .052  24       1917   .048  33
                        1718 -3.975   1       1768   .990  12       1818   .088  17       1868   .102  24       1918  -.942  33
                        1719 -1.005   1       1769 -1.162  12       1819   .330  17       1869  -.474  25       1919  -.303  33

                        1720  -.291   1       1770 -1.436  12       1820  -.606  17       1870 -1.478  25       1920  1.185  33
                        1721   .965   1       1771  -.945  12       1821   .080  18       1871  -.217  25       1921  -.998  33
                        1722  -.053   1       1772  -.642  12       1822 -1.714  18       1872   .252  25       1922   .453  33
                        1723   .301   1       1773  -.236  12       1823   .157  18       1873   .067  25       1923  1.136  33
                        1724   .690   1       1774 -1.311  12       1824   .680  18       1874  -.642  25       1924   .407  33
                        1725 -1.548   1       1775  1.310  12       1825   .246  19       1875   .863  25       1925  -.383  33
                        1726   .861   1       1776   .314  12       1826   .358  19       1876  -.451  25       1926  -.290  33
                        1727  2.685   1       1777   .910  12       1827  1.526  19       1877  -.442  26       1927   .834  33
                        1728   .335   1       1778   .301  12       1828  1.731  19       1878 -2.069  26       1928  1.096  33
                        1729   .016   1       1779  1.354  12       1829   .603  19       1879   .034  26       1929   .043  33

                        1730   .934   2       1780  -.835  12       1830   .701  19       1880  1.344  27       1930  -.380  33
                        1731  -.208   2       1781  -.430  12       1831  -.083  19       1881  1.354  28       1931  -.514  33
                        1732  1.957   2       1782  -.136  12       1832   .268  19       1882   .604  28       1932 -1.385  33
                        1733 -2.052   2       1783 -1.609  12       1833   .312  19       1883   .452  28       1933  -.768  33
                        1734  1.564   2       1784  -.228  12       1834 -2.476  19       1884  -.851  28       1934  -.356  33
                        1735  -.146   2       1785   .085  12       1835  -.275  20       1885   .896  28       1935   .460  33
                        1736 -1.041   2       1786   .167  12       1836   .075  20       1886   .336  28       1936 -1.554  34
                        1737  1.434   2       1787   .447  12       1837   .527  20       1887  -.083  28       1937  -.762  34
                        1738   .615   2       1788   .852  12       1838  -.868  20       1888   .464  28       1938   .307  34
                        1739  -.801   2       1789   .634  13       1839  -.976  20       1889 -1.065  28       1939   .822  34

                        1740   .766   2       1790   .655  13       1840   .068  21       1890   .240  28       1940   .238  34
                        1741  -.428   2       1791 -1.857  13       1841  1.233  21       1891  -.295  29       1941  1.353  34
                        1742  -.191   2       1792   .371  14       1842 -1.102  21       1892  1.512  29       1942  1.323  34
                        1743  -.790   3       1793   .342  14       1843  -.071  21       1893  -.574  29       1943   .750  34
                        1744  1.786   3       1794   .706  14       1844 -2.146  21       1894  -.918  29       1944   .558  34
  1695 -1.368   1       1745  2.161   3       1795  -.076  14       1845   .122  21       1895 -1.826  29       1945   .856  34
  1696 -3.236   1       1746  -.936   3       1796 -1.965  14       1846  -.303  21       1896   .976  29       1946 -1.955  34
  1697   .044   1       1747 -2.245   3       1797   .488  15       1847  -.661  21       1897  -.700  29       1947  -.532  34
  1698   .610   1       1748 -1.944   3       1798   .823  15       1848 -1.102  21       1898 -1.353  29       1948  -.679  34
  1699   .940   1       1749  -.781   3       1799   .980  15       1849  -.060  21       1899  -.322  30       1949  -.004  34
PART 3:  Master Dating Series:                                                                     10:23  Fri 11 Feb 2016  Page   4
------------------------------------------------------------------------------------------------------------------------------------
  Year  Value  No Ab    Year  Value  No Ab    Year  Value  No Ab    Year  Value  No Ab    Year  Value  No Ab    Year  Value  No Ab
  ------------------    ------------------    ------------------    ------------------    ------------------    ------------------
  1950   .883  34       2000   .180  31
  1951   .751  34       2001   .598  31
  1952   .426  34       2002   .081  31
  1953  -.378  34       2003  -.709  31
  1954 -1.909  34       2004  -.064  31
  1955  -.925  34       2005  -.043  31
  1956  -.089  34       2006 -1.911  31
  1957   .993  34       2007  -.258  31
  1958   .418  34       2008  1.105  31
  1959  -.472  34       2009 -1.738   6

  1960  -.560  34       2010  -.364   6
  1961  -.442  34       2011   .327   6
  1962   .057  34       2012   .186   6
  1963  -.121  34       2013   .481   6
  1964   .705  34       2014   .242   6
  1965  -.034  34       2015   .784   6
  1966  -.804  34
  1967   .449  34
  1968   .743  34
  1969   .336  34

  1970  -.319  34
  1971  -.701  34
  1972  -.098  33
  1973   .543  33
  1974   .949  33
  1975  1.213  33
  1976   .886  33
  1977  -.042  33
  1978  -.884  33
  1979   .127  33

  1980  -.876  33
  1981  -.263  33
  1982   .143  33
  1983  -.291  33
  1984  -.006  33
  1985   .457  33
  1986  -.348  33
  1987 -1.157  33
  1988  -.973  33
  1989   .144  33

  1990   .046  33
  1991   .246  33
  1992  -.013  33
  1993  1.131  33
  1994   .321  33
  1995   .412  33
  1996  -.849  32
  1997  -.093  32
  1998  1.590  31
  1999   .848  31
------------------------------------------------------------------------------------------------------------------------------------
PART 4:  Master Bar Plot:                                                                          10:23  Fri 11 Feb 2016  Page   5
------------------------------------------------------------------------------------------------------------------------------------
   Year Rel value  Year Rel value  Year Rel value  Year Rel value  Year Rel value  Year Rel value  Year Rel value  Year Rel value
                   1700-------B    1750------B     1800--------D   1850--------C   1900--c         1950--------D   2000-----A
                   1701----------F 1751---a        1801---------D  1851-------B    1901--------C   1951--------C   2001-------B
                   1702----------H 1752-e          1802---------D  1852------A     1902---------D  1952------B     2002-----@
                   1703----------F 1753---------D  1803-f          1853--------C   1903----------F 1953---b        2003--c
                   1704-----A      1754----------G 1804i           1854------A     1904---------D  1954h           2004----@
                   1705----------I 1755---------D  1805f           1855---------D  1905----------E 1955-d          2005----@
                   1706f           1756-----A      1806-------B    1856----------F 1906---a        1956----@       2006h
                   1707----------E 1757--c         1807--------D   1857--c         1907--------C   1957---------D  2007---a
                   1708-----@      1758-----@      1808-e          1858-d          1908-------B    1958------B     2008---------D
                   1709--------C   1759--c         1809--b         1859---------E  1909--c         1959---b        2009g
                   1710-------B    1760----@       1810--b         1860--------D   1910i           1960--b         2010---a
                   1711g           1761-----@      1811--------C   1861--------C   1911--c         1961---b        2011------A
                   1712h           1762--------C   1812--------C   1862----@       1912------A     1962-----@      2012-----A
                   1713------A     1763----@       1813------A     1863--c         1913-----A      1963----@       2013-------B
                   1714----------G 1764--b         1814-----@      1864--c         1914---------D  1964--------C   2014------A
                   1715i           1765----------F 1815--------C   1865-d          1915j           1965----@       2015--------C
                   1716-e          1766--------C   1816-d          1866---------D  1916--------C   1966--c
                   1717h           1767--------C   1817----@       1867-----@      1917-----@      1967-------B
                   1718p           1768---------D  1818-----@      1868-----@      1918-d          1968--------C
                   1719-d          1769-e          1819------A     1869---b        1919---a        1969------A
                   1720---a        1770-f          1820--b         1870f           1920---------E  1970---a
                   1721---------D  1771-d          1821-----@      1871---a        1921-d          1971--c
                   1722----@       1772--c         1822g           1872------A     1922-------B    1972----@
                   1723------A     1773---a        1823-----A      1873-----@      1923---------E  1973-------B
                   1724--------C   1774-e          1824--------C   1874--c         1924------B     1974---------D
                   1725f           1775----------E 1825------A     1875--------C   1925---b        1975---------E
                   1726--------C   1776------A     1826------A     1876---b        1926---a        1976--------D
                   1727----------K 1777---------D  1827----------F 1877---b        1927--------C   1977----@
                   1728------A     1778------A     1828----------G 1878h           1928---------D  1978-d
                   1729-----@      1779----------E 1829-------B    1879-----@      1929-----@      1979-----A
                   1730---------D  1780--c         1830--------C   1880----------E 1930---b        1980-d
                   1731----a       1781---b        1831----@       1881----------E 1931---b        1981---a
                   1732----------H 1782----a       1832------A     1882-------B    1932-f          1982-----A
                   1733h           1783f           1833------A     1883-------B    1933--c         1983---a
                   1734----------F 1784---a        1834j           1884--c         1934---a        1984----@
                   1735----a       1785-----@      1835---a        1885--------D   1935-------B    1985-------B
                   1736-d          1786-----A      1836-----@      1886------A     1936f           1986---a
                   1737----------F 1787-------B    1837-------B    1887----@       1937--c         1987-e
                   1738-------B    1788--------C   1838--c         1888-------B    1938------A     1988-d
                   1739--c         1789-------C    1839-d          1889-d          1939--------C   1989-----A
                   1740--------C   1790-------C    1840-----@      1890------A     1940------A     1990-----@
                   1741---b        1791g           1841----------E 1891---a        1941----------E 1991------A
                   1742----a       1792------A     1842-d          1892----------F 1942----------E 1992----@
                   1743--c         1793------A     1843----@       1893--b         1943--------C   1993---------E
                   1744----------G 1794--------C   1844i           1894-d          1944-------B    1994------A
   1695-e          1745----------I 1795----@       1845-----@      1895g           1945--------C   1995------B
   1696m           1746-d          1796h           1846---a        1896---------D  1946h           1996--c
   1697-----@      1747i           1797-------B    1847--c         1897--c         1947--b         1997----@
   1698-------B    1748h           1798--------C   1848-d          1898-e          1948--c         1998----------F
   1699---------D  1749--c         1799---------D  1849----@       1899---a        1949----@       1999--------C
PART 5:  CORRELATION OF SERIES BY SEGMENTS:                                                        10:23  Fri 11 Feb 2016  Page   5
------------------------------------------------------------------------------------------------------------------------------------
 Correlations of  50-year dated segments, lagged  25 years
 Flags:  A = correlation under   .3281 but highest as dated;  B = correlation higher at other than dated position

 Seq Series  Time_span   1725 1750 1775 1800 1825 1850 1875 1900 1925 1950 1975
                         1774 1799 1824 1849 1874 1899 1924 1949 1974 1999 2024
 --- -------- ---------  ---- ---- ---- ---- ---- ---- ---- ---- ---- ---- ---- ---- ---- ---- ---- ---- ---- ---- ---- ----
   1 SC010    1835 2008                       .63  .71  .86  .85  .79  .75  .75
   2 SC012    1840 2008                       .60  .67  .77  .81  .79  .71  .65
   3 SC021    1864 2008                            .63  .78  .82  .69  .57  .39
   4 SC030    1797 2008             .69  .69  .74  .75  .82  .74  .61  .43B .53
   5 SC041    1880 2008                                 .77  .77  .66  .65  .61
   6 SC050    1811 2008                  .45  .59  .68  .84  .88  .75  .47  .52
   7 SC051    1821 2008                  .33  .41  .66  .87  .88  .64  .42  .44
   8 SC060    1789 2008             .73  .65  .50  .38  .58  .60  .62  .60  .51
   9 SC061    1759 1997        .34  .35  .58  .43  .38  .64  .75  .65  .50
  10 SC071    1877 2008                                 .66  .62  .52  .27B .14B
  11 SC081    1915 2008                                      .53  .39  .31A .37
  12 SC091    1818 2008                  .22B .20B .22A .42  .57  .56  .31A .11B
  13 SC100    1743 2008   .58  .72  .67  .64  .58  .60  .74  .73  .65  .56  .65
  14 SC102    1751 2008        .70  .76  .67  .56  .59  .77  .75  .56  .45  .54
  15 SC110    1760 2008        .48  .49  .53  .50  .28A .39  .34B .20B .28B .16B
  16 SC121    1757 2008        .42  .74  .76  .70  .51  .63  .73  .65  .53  .50
  17 SC131    1825 2008                       .65  .67  .82  .82  .66  .37  .22B
  18 SC141    1869 2008                            .69  .71  .72  .54  .48  .56
  19 SC150    1859 2008                            .65  .63  .60  .65  .45  .36
  20 SC160    1757 2008        .64  .54  .38  .41  .59  .78  .72  .42  .25B .11B
  21 SC171    1756 1971        .44  .53  .64  .54  .42  .65  .76  .44
  22 SC180    1730 2008   .63  .53  .38  .30A .42  .48  .71  .78  .65  .58  .61
  23 SC182    1695 2008   .73  .61  .56  .49  .46  .58  .76  .79  .62  .45  .55
  24 SC191    1762 2008        .66  .73  .74  .56  .60  .85  .69  .35  .44  .53
  25 SC192    1755 2008        .54  .59  .86  .74  .61  .78  .75  .41  .29A .28A
  26 SC201    1792 2008             .54  .68  .71  .62  .53  .43  .21B .25A .55
  27 SC210    1864 1995                            .62  .74  .74  .52  .42
  28 SC220    1756 2008        .42  .60  .77  .66  .61  .74  .78  .69  .36  .30A
  29 STC211c  1881 2015                                 .31A .32B .15B .02B .20B
  30 STC411c  1913 2015                                      .19B .13B .16B .20B
  31 STC522a  1907 2015                                      .12B .18B-.08B .01B
  32 STC611a  1899 2015                                 .31A .31A .20B .21A .49
  33 STC711b  1936 2015                                           .20B .17B .37
  34 STC822a  1891 2015                                 .19B .13B .04B .17B .29A
 Av segment correlation   .65  .54  .59  .58  .55  .57  .67  .64  .49  .39  .40
PART 6:  POTENTIAL PROBLEMS:                                                                       10:23  Fri 11 Feb 2016  Page   6
------------------------------------------------------------------------------------------------------------------------------------

 For each series with potential problems the following diagnostics may appear:

 [A] Correlations with master dating series of flagged  50-year segments of series filtered with  32-year spline,
     at every point from ten years earlier (-10) to ten years later (+10) than dated

 [B] Effect of those data values which most lower or raise correlation with master series
     Symbol following year indicates value in series is greater (>) or lesser (<) than master series value

 [C] Year-to-year changes very different from the mean change in other series

 [D] Absent rings (zero values)

 [E] Values which are statistical outliers from mean for the year
====================================================================================================================================

 SC010     1835 to  2008     174 years                                                                                    Series   1

 [B] Entire series, effect on correlation (  .755) is:
       Lower   1859< -.010   1841< -.007   1864< -.006   1995> -.006   1853< -.006   1870> -.005  Higher   1946  .015   2006  .010

 [E] Outliers     1   3.0 SD above or -4.5 SD below mean for year
       1995 +3.4 SD
====================================================================================================================================

 SC012     1840 to  2008     169 years                                                                                    Series   2

 [B] Entire series, effect on correlation (  .701) is:
       Lower   1980< -.017   1849< -.016   1882< -.007   1876> -.006   1869> -.006   1995< -.005  Higher   1946  .019   1954  .008

====================================================================================================================================

 SC021     1864 to  2008     145 years                                                                                    Series   3

 [B] Entire series, effect on correlation (  .650) is:
       Lower   1878> -.026   2006> -.023   1925< -.015   1969< -.010   1978> -.009   2001< -.008  Higher   1915  .048   1946  .027

====================================================================================================================================

 SC030     1797 to  2008     212 years                                                                                    Series   4

 [A] Segment   High   -10   -9   -8   -7   -6   -5   -4   -3   -2   -1   +0   +1   +2   +3   +4   +5   +6   +7   +8   +9  +10
    ---------  ----   ---  ---  ---  ---  ---  ---  ---  ---  ---  ---  ---  ---  ---  ---  ---  ---  ---  ---  ---  ---  ---
    1950 1999   -7   -.05 -.03  .20  .48*-.10 -.15 -.30 -.32 -.16  .25  .43| .40 -.07 -.32 -.29 -.04  .33 -.02  .04  .14  .03

 [B] Entire series, effect on correlation (  .674) is:
       Lower   1804> -.012   1953< -.007   1820> -.007   2003> -.007   1979< -.007   1856< -.006  Higher   1834  .014   1878  .011
     1950 to 1999 segment:
       Lower   1979< -.039   1959> -.034   1987> -.028   1995< -.028   1953< -.017   1996> -.015  Higher   1998  .048   1954  .037

====================================================================================================================================

 SC041     1880 to  2008     129 years                                                                                    Series   5

 [B] Entire series, effect on correlation (  .674) is:
       Lower   2008< -.025   1895> -.017   1981> -.014   1892< -.008   1986> -.006   1934> -.006  Higher   1915  .031   2006  .023

 [E] Outliers     1   3.0 SD above or -4.5 SD below mean for year
       1981 +4.3 SD
====================================================================================================================================

 SC050     1811 to  2008     198 years                                                                                    Series   6

 [B] Entire series, effect on correlation (  .631) is:
       Lower   1978> -.014   1811< -.013   1856< -.012   1996< -.008   1973< -.008   1850< -.007  Higher   1878  .013   1915  .011

 [E] Outliers     1   3.0 SD above or -4.5 SD below mean for year
       2006 -4.6 SD
====================================================================================================================================

 SC051     1821 to  2008     188 years                                                                                    Series   7

 [B] Entire series, effect on correlation (  .618) is:
       Lower   1828< -.025   1834> -.024   1978> -.015   1823< -.013   1822> -.013   1862> -.009  Higher   1915  .022   1878  .016

 [E] Outliers     1   3.0 SD above or -4.5 SD below mean for year
       1862 +3.8 SD
====================================================================================================================================

 SC060     1789 to  2008     220 years                                                                                    Series   8

 [B] Entire series, effect on correlation (  .553) is:
       Lower   1866< -.030   1978< -.022   1915> -.011   1878> -.011   1842> -.006   1873< -.005  Higher   1834  .018   1791  .010

 [C] Year-to-year changes diverging by over 4.0 std deviations:
       1865 1866  -4.1 SD

 [E] Outliers     1   3.0 SD above or -4.5 SD below mean for year
       1866 -4.7 SD
====================================================================================================================================

 SC061     1759 to  1997     239 years                                                                                    Series   9

 [B] Entire series, effect on correlation (  .494) is:
       Lower   1778< -.066   1806< -.011   1956< -.010   1842> -.009   1867< -.006   1899< -.006  Higher   1946  .013   1936  .010

 [E] Outliers     1   3.0 SD above or -4.5 SD below mean for year
       1778 -6.3 SD
====================================================================================================================================

 SC071     1877 to  2008     132 years                                                                                    Series  10

 [A] Segment   High   -10   -9   -8   -7   -6   -5   -4   -3   -2   -1   +0   +1   +2   +3   +4   +5   +6   +7   +8   +9  +10
    ---------  ----   ---  ---  ---  ---  ---  ---  ---  ---  ---  ---  ---  ---  ---  ---  ---  ---  ---  ---  ---  ---  ---
    1950 1999   -8    .12  .07  .39* .34 -.07 -.01 -.28 -.28 -.07  .10  .27| .04 -.20 -.26 -.28  .03  .08  .10 -.15  .01  .00
    1959 2008   -7    .13  .12  .13  .21* .00 -.14 -.08 -.06 -.20  .10  .14|-.20 -.16  .08 -.03 -.25  .15  .11    -    -    -

 [B] Entire series, effect on correlation (  .497) is:
       Lower   2006> -.016   1932> -.015   1980> -.013   1967< -.012   1978> -.009   1920< -.009  Higher   1946  .050   1915  .036
     1950 to 1999 segment:
       Lower   1980> -.047   1967< -.043   1978> -.031   1976< -.027   1975< -.027   1960> -.026  Higher   1954  .121   1993  .042
     1959 to 2008 segment:
       Lower   1980> -.040   1967< -.037   1978> -.026   2006> -.026   1976< -.023   1960> -.022  Higher   2008  .051   1993  .050

 [E] Outliers     1   3.0 SD above or -4.5 SD below mean for year
       1932 +3.0 SD
====================================================================================================================================

 SC081     1915 to  2008      94 years                                                                                    Series  11

 [A] Segment   High   -10   -9   -8   -7   -6   -5   -4   -3   -2   -1   +0   +1   +2   +3   +4   +5   +6   +7   +8   +9  +10
    ---------  ----   ---  ---  ---  ---  ---  ---  ---  ---  ---  ---  ---  ---  ---  ---  ---  ---  ---  ---  ---  ---  ---
    1950 1999    0    .05  .07  .12  .01  .01  .15  .07 -.11 -.04 -.01  .31* .19 -.19 -.27 -.26  .01  .21 -.13 -.22 -.03 -.14

 [B] Entire series, effect on correlation (  .475) is:
       Lower   1965< -.036   1944< -.021   1937> -.020   1985< -.019   1978> -.015   1961> -.014  Higher   1936  .040   1946  .038
     1950 to 1999 segment:
       Lower   1965< -.052   1985< -.041   1978> -.034   1961> -.032   1974< -.028   1980> -.017  Higher   1954  .041   1998  .041

 [E] Outliers     2   3.0 SD above or -4.5 SD below mean for year
       1937 +3.2 SD;    1961 +3.3 SD
====================================================================================================================================

 SC091     1818 to  2008     191 years                                                                                    Series  12

 [A] Segment   High   -10   -9   -8   -7   -6   -5   -4   -3   -2   -1   +0   +1   +2   +3   +4   +5   +6   +7   +8   +9  +10
    ---------  ----   ---  ---  ---  ---  ---  ---  ---  ---  ---  ---  ---  ---  ---  ---  ---  ---  ---  ---  ---  ---  ---
    1818 1867    9    .14 -.07  .05 -.08 -.24 -.17 -.03 -.27  .08 -.11  .22| .13 -.06 -.09  .05  .17 -.07 -.26 -.22  .23* .02
    1825 1874  -10    .21*-.05  .03 -.06 -.32 -.10 -.10 -.26  .04 -.09  .20| .12 -.06 -.10  .19  .12 -.05 -.29 -.10  .19 -.06
    1850 1899    0    .13  .07 -.08  .11 -.20  .10 -.25 -.10  .06 -.17  .22*-.10  .00 -.22  .15  .00 -.04 -.13 -.01  .17 -.04
    - - - - - - - - - - - - - - - - - - - - - - - - - - - - - - - - - - - - - - - - - - - - - - - - - - - - - - - - - - - - -
    1950 1999    0    .02  .25  .19  .12  .00 -.11 -.03 -.07 -.15 -.08  .31* .01 -.23 -.17 -.16 -.11  .11  .11 -.16 -.14 -.01
    1959 2008    7    .12  .17  .07 -.11 -.04 -.12  .13  .11 -.23 -.25  .11|-.15 -.07  .05  .03 -.11  .01  .20*   -    -    -

 [B] Entire series, effect on correlation (  .351) is:
       Lower   1833< -.044   1902< -.019   1896< -.014   1895> -.013   2006> -.012   1853< -.009  Higher   1915  .066   1946  .032
     1818 to 1867 segment:
       Lower   1833< -.135   1864> -.027   1853< -.027   1848> -.025   1834> -.019   1863> -.019  Higher   1844  .084   1822  .044
     1825 to 1874 segment:
       Lower   1833< -.144   1853< -.030   1864> -.025   1848> -.024   1859< -.021   1863> -.018  Higher   1844  .091   1870  .028
     1850 to 1899 segment:
       Lower   1896< -.062   1895> -.053   1853< -.040   1864> -.038   1859< -.027   1863> -.025  Higher   1870  .038   1889  .036
     1950 to 1999 segment:
       Lower   1975< -.051   1978> -.046   1974< -.039   1988> -.039   1987> -.036   1967< -.022  Higher   1954  .089   1998  .062
     1959 to 2008 segment:
       Lower   2006> -.050   1975< -.042   1978> -.038   1988> -.033   1974< -.032   1987> -.028  Higher   1998  .082   1980  .056

 [C] Year-to-year changes diverging by over 4.0 std deviations:
       1833 1834   5.1 SD    1895 1896  -4.4 SD

 [E] Outliers     3   3.0 SD above or -4.5 SD below mean for year
       1833 -5.9 SD;    1864 +3.6 SD;    1895 +3.4 SD
====================================================================================================================================

 SC100     1743 to  2008     266 years                                                                                    Series  13

 [B] Entire series, effect on correlation (  .632) is:
       Lower   1746> -.025   1869< -.013   1780> -.010   1878> -.005   1922< -.004   1984< -.004  Higher   2006  .011   1791  .008

 [C] Year-to-year changes diverging by over 4.0 std deviations:
       1745 1746   4.2 SD

 [E] Outliers     1   3.0 SD above or -4.5 SD below mean for year
       1746 +3.6 SD
====================================================================================================================================

 SC102     1751 to  2008     258 years                                                                                    Series  14

 [B] Entire series, effect on correlation (  .647) is:
       Lower   1825< -.019   1963< -.009   1984< -.009   1955< -.007   1771< -.006   1865> -.006  Higher   1915  .013   1946  .012

====================================================================================================================================

 SC110     1760 to  2008     249 years                                                                                    Series  15

 [A] Segment   High   -10   -9   -8   -7   -6   -5   -4   -3   -2   -1   +0   +1   +2   +3   +4   +5   +6   +7   +8   +9  +10
    ---------  ----   ---  ---  ---  ---  ---  ---  ---  ---  ---  ---  ---  ---  ---  ---  ---  ---  ---  ---  ---  ---  ---
    1850 1899    0    .17 -.01 -.20 -.04 -.11  .12  .01 -.23 -.27 -.25  .28* .13 -.28 -.17 -.15  .01  .19 -.04 -.03  .04  .27
    - - - - - - - - - - - - - - - - - - - - - - - - - - - - - - - - - - - - - - - - - - - - - - - - - - - - - - - - - - - - -
    1900 1949    9   -.02 -.06 -.08 -.11 -.04 -.15 -.15 -.22 -.23  .09  .34|-.09 -.04  .05  .05 -.03  .23 -.04 -.03  .43* .06
    1925 1974    9    .03 -.12  .03 -.02  .01  .12 -.01 -.29 -.30  .16  .20| .04 -.03 -.09 -.12 -.10  .32  .08  .13  .39* .05
    1950 1999    9   -.01  .08  .02  .00  .00 -.03 -.24 -.15 -.31 -.03  .28| .06 -.05 -.17 -.07  .01  .15  .16  .27  .29* .11
    1959 2008   -9    .15  .20*-.04 -.04 -.05 -.14 -.12 -.05 -.29  .02  .16|-.20 -.09 -.19 -.09  .03  .09  .04    -    -    -

 [B] Entire series, effect on correlation (  .358) is:
       Lower   1883< -.014   1997< -.013   1870> -.009   2006> -.008   1888< -.008   1885< -.008  Higher   1834  .029   1808  .010
     1850 to 1899 segment:
       Lower   1883< -.073   1870> -.045   1888< -.040   1885< -.038   1860< -.026   1893> -.019  Higher   1857  .043   1896  .042
     1900 to 1949 segment:
       Lower   1946> -.022   1932> -.020   1945< -.019   1915> -.016   1937< -.016   1922< -.014  Higher   1910  .038   1941  .021
     1925 to 1974 segment:
       Lower   1951< -.031   1946> -.027   1932> -.026   1945< -.022   1959> -.020   1974< -.018  Higher   1954  .054   1941  .035
     1950 to 1999 segment:
       Lower   1997< -.059   1995< -.029   1951< -.029   1959> -.028   1960> -.023   1988> -.018  Higher   1993  .044   1954  .042
     1959 to 2008 segment:
       Lower   1997< -.050   2006> -.045   1995< -.030   1959> -.020   1999< -.019   1974< -.019  Higher   1993  .048   1987  .040

 [E] Outliers     2   3.0 SD above or -4.5 SD below mean for year
       1997 -4.7 SD;    2006 +3.0 SD
====================================================================================================================================

 SC121     1757 to  2008     252 years                                                                                    Series  16

 [B] Entire series, effect on correlation (  .603) is:
       Lower   1774> -.019   1769> -.009   1763> -.007   1889> -.007   1996> -.007   1891> -.006  Higher   1915  .031   1834  .014

 [E] Outliers     1   3.0 SD above or -4.5 SD below mean for year
       1774 +3.2 SD
====================================================================================================================================

 SC131     1825 to  2008     184 years                                                                                    Series  17

 [A] Segment   High   -10   -9   -8   -7   -6   -5   -4   -3   -2   -1   +0   +1   +2   +3   +4   +5   +6   +7   +8   +9  +10
    ---------  ----   ---  ---  ---  ---  ---  ---  ---  ---  ---  ---  ---  ---  ---  ---  ---  ---  ---  ---  ---  ---  ---
    1959 2008    5    .21 -.11 -.19  .04  .17 -.12 -.21 -.11  .04 -.05  .22|-.21 -.13 -.14  .08  .25*-.02  .15    -    -    -

 [B] Entire series, effect on correlation (  .640) is:
       Lower   1998< -.049   1970> -.007   2003> -.007   1848> -.007   1940< -.006   2001< -.006  Higher   1915  .037   1936  .009
     1959 to 2008 segment:
       Lower   1998< -.213   2003> -.030   1970> -.027   2001< -.023   1986> -.013   1999< -.010  Higher   1978  .051   2006  .044

 [E] Outliers     1   3.0 SD above or -4.5 SD below mean for year
       1998 -5.0 SD
====================================================================================================================================

 SC141     1869 to  2008     140 years                                                                                    Series  18

 [B] Entire series, effect on correlation (  .625) is:
       Lower   1978> -.022   1883< -.009   1923< -.009   1874> -.009   1926> -.009   1900> -.007  Higher   1878  .022   1998  .008

 [E] Outliers     1   3.0 SD above or -4.5 SD below mean for year
       1978 +3.4 SD
====================================================================================================================================

 SC150     1859 to  2008     150 years                                                                                    Series  19

 [B] Entire series, effect on correlation (  .538) is:
       Lower   1975< -.030   2003< -.027   1920< -.011   1995< -.011   1875< -.010   1980> -.010  Higher   1946  .019   1954  .018

 [E] Outliers     1   3.0 SD above or -4.5 SD below mean for year
       2003 -4.5 SD
====================================================================================================================================

 SC160     1757 to  2008     252 years                                                                                    Series  20

 [A] Segment   High   -10   -9   -8   -7   -6   -5   -4   -3   -2   -1   +0   +1   +2   +3   +4   +5   +6   +7   +8   +9  +10
    ---------  ----   ---  ---  ---  ---  ---  ---  ---  ---  ---  ---  ---  ---  ---  ---  ---  ---  ---  ---  ---  ---  ---
    1950 1999   -1    .08  .12  .08 -.03  .21 -.03 -.25  .05 -.06  .29* .25|-.14 -.05 -.04 -.19 -.01  .25 -.22 -.15  .26 -.09
    1959 2008   -1    .14  .19  .01 -.15  .12 -.01 -.14  .15  .07  .23* .11| .03  .04 -.08 -.02  .03  .10 -.25    -    -    -

 [B] Entire series, effect on correlation (  .477) is:
       Lower   1997< -.032   2006> -.014   2005< -.012   1841< -.011   1936> -.008   1781> -.008  Higher   1915  .022   1791  .008
     1950 to 1999 segment:
       Lower   1997< -.096   1970> -.033   1987> -.030   1964< -.029   1996> -.019   1969< -.012  Higher   1998  .041   1980  .035
     1959 to 2008 segment:
       Lower   2006> -.069   1997< -.055   1970> -.026   1987> -.024   1964< -.022   1996> -.016  Higher   1998  .049   1980  .035

 [C] Year-to-year changes diverging by over 4.0 std deviations:
       2005 2006   4.1 SD

 [E] Outliers     1   3.0 SD above or -4.5 SD below mean for year
       1970 +3.0 SD
====================================================================================================================================

 SC171     1756 to  1971     216 years                                                                                    Series  21

 [B] Entire series, effect on correlation (  .514) is:
       Lower   1955< -.019   1890< -.018   1862< -.011   1855< -.008   1791> -.007   1936> -.006  Higher   1834  .014   1844  .014

 [E] Outliers     1   3.0 SD above or -4.5 SD below mean for year
       1761 +3.2 SD
====================================================================================================================================

 SC180     1730 to  2008     279 years                                                                                    Series  22

 [A] Segment   High   -10   -9   -8   -7   -6   -5   -4   -3   -2   -1   +0   +1   +2   +3   +4   +5   +6   +7   +8   +9  +10
    ---------  ----   ---  ---  ---  ---  ---  ---  ---  ---  ---  ---  ---  ---  ---  ---  ---  ---  ---  ---  ---  ---  ---
    1800 1849    0    .03  .03  .14  .00 -.28 -.18 -.11  .09  .07  .27  .30* .04  .06 -.11  .06  .10 -.14 -.34  .03 -.16  .21

 [B] Entire series, effect on correlation (  .553) is:
       Lower   1838> -.012   1823< -.011   1822> -.010   2008< -.009   1808> -.009   1812< -.008  Higher   1915  .027   1946  .012
     1800 to 1849 segment:
       Lower   1823< -.060   1838> -.056   1822> -.043   1812< -.042   1808> -.035   1845< -.026  Higher   1834  .104   1803  .042

 [E] Outliers     1   3.0 SD above or -4.5 SD below mean for year
       1838 +3.8 SD
====================================================================================================================================

 SC182     1695 to  2008     314 years                                                                                    Series  23

 [*] Early part of series cannot be checked from 1695 to 1729 -- not matched by another series

 [B] Entire series, effect on correlation (  .614) is:
       Lower   1846< -.027   1985< -.009   1808> -.007   1794< -.007   1864> -.006   1786< -.006  Higher   1915  .011   1946  .011

====================================================================================================================================

 SC191     1762 to  2008     247 years                                                                                    Series  24

 [B] Entire series, effect on correlation (  .638) is:
       Lower   1928< -.011   1969< -.008   1871< -.008   1943< -.008   1832< -.006   1861< -.006  Higher   1915  .028   1834  .013

 [E] Outliers     1   3.0 SD above or -4.5 SD below mean for year
       1819 +3.0 SD
====================================================================================================================================

 SC192     1755 to  2008     254 years                                                                                    Series  25

 [A] Segment   High   -10   -9   -8   -7   -6   -5   -4   -3   -2   -1   +0   +1   +2   +3   +4   +5   +6   +7   +8   +9  +10
    ---------  ----   ---  ---  ---  ---  ---  ---  ---  ---  ---  ---  ---  ---  ---  ---  ---  ---  ---  ---  ---  ---  ---
    1950 1999    0    .01  .22 -.01 -.06  .02 -.14 -.15 -.13  .05  .26  .29* .22 -.10  .03 -.12  .01  .04  .06  .01  .02  .13
    1959 2008    0   -.09  .28 -.14 -.28  .00 -.21 -.14  .08  .00  .09  .28* .22 -.23  .22  .16 -.18  .19 -.05    -    -    -

 [B] Entire series, effect on correlation (  .612) is:
       Lower   1781< -.018   1780> -.012   1878> -.010   2005< -.007   1870< -.007   1959> -.007  Higher   1915  .022   1834  .016
     1950 to 1999 segment:
       Lower   1959> -.043   1993< -.041   1968< -.034   1979< -.026   1982< -.024   1958< -.024  Higher   1998  .037   1957  .034
     1959 to 2008 segment:
       Lower   1959> -.038   1993< -.034   2005< -.030   1968< -.029   1979< -.022   1982< -.021  Higher   2006  .042   1998  .036

 [E] Outliers     1   3.0 SD above or -4.5 SD below mean for year
       1780 +3.0 SD
====================================================================================================================================

 SC201     1792 to  2008     217 years                                                                                    Series  26

 [A] Segment   High   -10   -9   -8   -7   -6   -5   -4   -3   -2   -1   +0   +1   +2   +3   +4   +5   +6   +7   +8   +9  +10
    ---------  ----   ---  ---  ---  ---  ---  ---  ---  ---  ---  ---  ---  ---  ---  ---  ---  ---  ---  ---  ---  ---  ---
    1925 1974    1    .09  .03 -.06 -.01  .04 -.02 -.09  .15 -.10 -.16  .21| .27*-.01 -.05 -.08 -.21  .04  .11  .12  .12 -.13
    1950 1999    0   -.10  .05  .13 -.09 -.04 -.07 -.21  .15 -.01 -.06  .25* .20  .01 -.01 -.09 -.14  .20  .17 -.04  .22 -.02

 [B] Entire series, effect on correlation (  .466) is:
       Lower   1957< -.054   1798< -.027   1928< -.014   1901< -.012   1898> -.007   1858> -.006  Higher   1834  .027   2006  .019
     1925 to 1974 segment:
       Lower   1957< -.200   1928< -.050   1961> -.017   1970> -.016   1939< -.015   1959> -.009  Higher   1936  .092   1946  .051
     1950 to 1999 segment:
       Lower   1957< -.229   1961> -.022   1970> -.020   1999< -.018   1959> -.012   1987> -.012  Higher   1980  .040   1998  .037

 [E] Outliers     2   3.0 SD above or -4.5 SD below mean for year
       1806 +3.5 SD;    1957 -4.6 SD
====================================================================================================================================

 SC210     1864 to  1995     132 years                                                                                    Series  27

 [B] Entire series, effect on correlation (  .587) is:
       Lower   1870> -.027   1955> -.013   1864> -.011   1980> -.009   1958< -.007   1947> -.007  Higher   1910  .022   1878  .019

 [E] Outliers     2   3.0 SD above or -4.5 SD below mean for year
       1870 +3.4 SD;    1955 +3.1 SD
====================================================================================================================================

 SC220     1756 to  2008     253 years                                                                                    Series  28

 [A] Segment   High   -10   -9   -8   -7   -6   -5   -4   -3   -2   -1   +0   +1   +2   +3   +4   +5   +6   +7   +8   +9  +10
    ---------  ----   ---  ---  ---  ---  ---  ---  ---  ---  ---  ---  ---  ---  ---  ---  ---  ---  ---  ---  ---  ---  ---
    1959 2008    0   -.24 -.24 -.09  .00  .11 -.01  .11  .12 -.07  .18  .30* .07  .09  .20 -.02  .01  .24 -.14    -    -    -

 [B] Entire series, effect on correlation (  .596) is:
       Lower   1982< -.013   1774> -.012   1978> -.009   1996> -.006   1880< -.006   1757> -.005  Higher   1834  .018   1946  .010
     1959 to 2008 segment:
       Lower   1982< -.062   1978> -.060   1996> -.040   1970> -.018   1980> -.015   1987> -.012  Higher   1998  .035   2003  .032

====================================================================================================================================

 STC211c   1881 to  2015     135 years                                                                                    Series  29

 [A] Segment   High   -10   -9   -8   -7   -6   -5   -4   -3   -2   -1   +0   +1   +2   +3   +4   +5   +6   +7   +8   +9  +10
    ---------  ----   ---  ---  ---  ---  ---  ---  ---  ---  ---  ---  ---  ---  ---  ---  ---  ---  ---  ---  ---  ---  ---
    1881 1930    0   -.22 -.24 -.07 -.16  .01  .27 -.18 -.09  .02  .13  .31* .04 -.26 -.04  .25  .05 -.01 -.03 -.14 -.19  .23
    1900 1949   10   -.21 -.33 -.14 -.19 -.13  .16 -.28  .01  .14  .28  .32| .05 -.16 -.13  .06  .08 -.04 -.04 -.07 -.06  .32*
    1925 1974   10   -.25 -.21 -.13 -.12 -.02  .22 -.11 -.18 -.02  .28  .15|-.06  .07  .01 -.16  .07  .06 -.17 -.09 -.09  .29*
    1950 1999   -6   -.03 -.08 -.07 -.02  .23* .18  .12 -.14  .01 -.05  .02|-.02 -.04  .00  .02 -.18 -.10 -.09 -.24 -.12  .10
    1966 2015   -4    .11  .05 -.11  .16 -.16 -.07  .33* .04  .02  .03  .20|   -    -    -    -    -    -    -    -    -    -

 [B] Entire series, effect on correlation (  .254) is:
       Lower   1915> -.020   1989< -.015   1978> -.013   1914< -.012   2013< -.011   1986> -.010  Higher   1910  .027   1895  .024
     1881 to 1930 segment:
       Lower   1915> -.059   1914< -.025   1897> -.021   1898> -.016   1926< -.015   1884> -.014  Higher   1910  .052   1895  .048
     1900 to 1949 segment:
       Lower   1915> -.061   1914< -.025   1926< -.019   1911< -.014   1919> -.014   1905< -.013  Higher   1910  .052   1942  .017
     1925 to 1974 segment:
       Lower   1974< -.029   1954> -.025   1971> -.018   1967< -.017   1955> -.017   1959> -.016  Higher   1942  .036   1946  .034
     1950 to 1999 segment:
       Lower   1978> -.042   1989< -.042   1974< -.034   1986> -.033   1976< -.030   1967< -.021  Higher   1998  .053   1996  .040
     1966 to 2015 segment:
       Lower   1989< -.049   1978> -.043   2013< -.039   1986> -.034   1974< -.033   1976< -.030  Higher   2009  .094   1998  .037

 [E] Outliers     1   3.0 SD above or -4.5 SD below mean for year
       1919 +3.5 SD
====================================================================================================================================

 STC411c   1913 to  2015     103 years                                                                                    Series  30

 [A] Segment   High   -10   -9   -8   -7   -6   -5   -4   -3   -2   -1   +0   +1   +2   +3   +4   +5   +6   +7   +8   +9  +10
    ---------  ----   ---  ---  ---  ---  ---  ---  ---  ---  ---  ---  ---  ---  ---  ---  ---  ---  ---  ---  ---  ---  ---
    1913 1962   -6   -.32 -.22 -.16 -.05  .26* .05 -.15 -.11 -.04  .24  .19| .12  .00 -.06  .06  .04  .23 -.12 -.24 -.13 -.01
    1925 1974   -1   -.30 -.21 -.10 -.07  .18  .07 -.19 -.21  .06  .34* .13| .16  .11 -.12 -.04 -.03  .24 -.07 -.21 -.08  .02
    1950 1999   -6   -.10 -.07 -.03  .04  .30* .17 -.19 -.19 -.02  .24  .16| .07 -.05 -.04 -.27 -.08  .20  .00 -.27  .13  .06
    1966 2015   -5    .25  .09 -.04  .03  .03  .27*-.06  .12  .11  .09  .20|   -    -    -    -    -    -    -    -    -    -

 [B] Entire series, effect on correlation (  .197) is:
       Lower   1946> -.068   2003> -.023   1916< -.018   1966> -.018   1989< -.018   1986> -.013  Higher   1915  .040   2009  .026
     1913 to 1962 segment:
       Lower   1946> -.119   1916< -.029   1960< -.023   1959> -.017   1925> -.016   1914< -.015  Higher   1915  .065   1932  .037
     1925 to 1974 segment:
       Lower   1946> -.147   1966> -.034   1959> -.019   1925> -.018   1968< -.012   1955> -.011  Higher   1932  .055   1954  .047
     1950 to 1999 segment:
       Lower   1966> -.049   1989< -.037   1986> -.035   1959> -.028   1980> -.022   1955> -.016  Higher   1998  .059   1954  .057
     1966 to 2015 segment:
       Lower   2003> -.064   1966> -.050   1989< -.049   1986> -.037   1980> -.019   1968< -.017  Higher   2009  .082   2006  .057

 [C] Year-to-year changes diverging by over 4.0 std deviations:
       1945 1946   4.0 SD    1946 1947  -4.4 SD

 [E] Outliers     3   3.0 SD above or -4.5 SD below mean for year
       1946 +4.9 SD;    1966 +3.5 SD;    2003 +4.0 SD
====================================================================================================================================

 STC522a   1907 to  2015     109 years                                                                                    Series  31

 [A] Segment   High   -10   -9   -8   -7   -6   -5   -4   -3   -2   -1   +0   +1   +2   +3   +4   +5   +6   +7   +8   +9  +10
    ---------  ----   ---  ---  ---  ---  ---  ---  ---  ---  ---  ---  ---  ---  ---  ---  ---  ---  ---  ---  ---  ---  ---
    1907 1956   -4   -.15 -.21 -.10  .09  .11  .26  .29* .18  .24 -.13  .12| .08 -.17 -.11 -.09 -.15 -.25 -.07 -.07 -.07  .26
    1925 1974   10   -.16 -.24 -.21  .29  .11  .09  .11  .05  .20 -.07  .18| .13 -.17 -.22 -.02 -.01 -.21 -.22  .13 -.15  .30*
    1950 1999   -7   -.13 -.18 -.12  .32* .12 -.01 -.06  .03  .13 -.16 -.08|-.10  .09 -.22  .05  .15 -.02 -.16  .00 -.11  .14
    1966 2015   -3    .07  .07 -.09  .15  .29 -.19 -.03  .40*-.05 -.11  .01|   -    -    -    -    -    -    -    -    -    -

 [B] Entire series, effect on correlation (  .075) is:
       Lower   2006> -.023   1946> -.021   1987> -.020   2012< -.015   1990< -.013   1950< -.012  Higher   1936  .065   2009  .048
     1907 to 1956 segment:
       Lower   1946> -.049   1950< -.031   1920< -.030   1909> -.025   1951< -.022   1916< -.019  Higher   1936  .158   1915  .035
     1925 to 1974 segment:
       Lower   1946> -.072   1950< -.032   1971> -.031   1972< -.021   1951< -.021   1954> -.020  Higher   1936  .152   1927  .029
     1950 to 1999 segment:
       Lower   1987> -.052   1971> -.030   1996> -.027   1950< -.023   1980> -.019   1951< -.015  Higher   1978  .069   1961  .038
     1966 to 2015 segment:
       Lower   2006> -.054   1987> -.048   2012< -.030   1971> -.028   1996> -.024   1980> -.017  Higher   2009  .136   1978  .059

 [E] Outliers     4   3.0 SD above or -4.5 SD below mean for year
       1910 +3.2 SD;    1987 +3.4 SD;    1990 -5.4 SD;    2006 +3.2 SD
====================================================================================================================================

 STC611a   1899 to  2015     117 years                                                                                    Series  32

 [A] Segment   High   -10   -9   -8   -7   -6   -5   -4   -3   -2   -1   +0   +1   +2   +3   +4   +5   +6   +7   +8   +9  +10
    ---------  ----   ---  ---  ---  ---  ---  ---  ---  ---  ---  ---  ---  ---  ---  ---  ---  ---  ---  ---  ---  ---  ---
    1899 1948    0   -.14 -.17 -.06 -.01 -.24  .25  .05  .02  .16  .13  .31*-.19 -.13 -.24  .04 -.18  .21  .10 -.07 -.13  .17
    1900 1949    0   -.13 -.18 -.05 -.03 -.23  .26  .08  .00  .17  .15  .31*-.18 -.14 -.26  .02 -.19  .20  .11 -.08 -.14  .18
    1925 1974   -5    .00 -.23 -.02 -.17 -.13  .30* .24  .01  .09  .12  .20|-.17 -.05 -.06 -.05 -.13  .11  .09 -.15 -.15  .04
    1950 1999    0    .14 -.02 -.12 -.23  .10  .17  .15  .03 -.07 -.10  .21* .05  .11  .13  .10 -.17 -.05  .02 -.19 -.11 -.07

 [B] Entire series, effect on correlation (  .324) is:
       Lower   1921> -.018   1968< -.015   1954> -.015   1906> -.013   1901< -.013   1904< -.012  Higher   2006  .064   1915  .030
     1899 to 1948 segment:
       Lower   1921> -.035   1906> -.027   1901< -.023   1904< -.022   1926< -.022   1910> -.020  Higher   1915  .066   1916  .024
     1900 to 1949 segment:
       Lower   1921> -.035   1906> -.027   1901< -.023   1904< -.022   1926< -.022   1910> -.021  Higher   1915  .065   1916  .024
     1925 to 1974 segment:
       Lower   1954> -.036   1968< -.034   1960> -.022   1953> -.013   1955> -.012   1950< -.012  Higher   1959  .023   1932  .019
     1950 to 1999 segment:
       Lower   1968< -.054   1954> -.048   1960> -.032   1976< -.029   1950< -.021   1953> -.018  Higher   1998  .047   1993  .041

 [E] Outliers     1   3.0 SD above or -4.5 SD below mean for year
       1926 -4.8 SD
====================================================================================================================================

 STC711b   1936 to  2015      80 years                                                                                    Series  33

 [A] Segment   High   -10   -9   -8   -7   -6   -5   -4   -3   -2   -1   +0   +1   +2   +3   +4   +5   +6   +7   +8   +9  +10
    ---------  ----   ---  ---  ---  ---  ---  ---  ---  ---  ---  ---  ---  ---  ---  ---  ---  ---  ---  ---  ---  ---  ---
    1936 1985   -1   -.07 -.24 -.13  .13  .17  .10 -.08  .06 -.16  .28* .20|-.09 -.11 -.13 -.06 -.04 -.14 -.08 -.12  .24  .17
    1950 1999   -7   -.06 -.19  .04  .21* .09  .15 -.05 -.25 -.15  .17  .17|-.01 -.09 -.06  .05 -.04 -.12 -.18 -.20  .11  .11

 [B] Entire series, effect on correlation (  .292) is:
       Lower   1954> -.034   1967< -.024   1948> -.023   1950< -.020   1986> -.017   1991< -.015  Higher   2009  .079   1998  .029
     1936 to 1985 segment:
       Lower   1954> -.053   1967< -.038   1948> -.036   1950< -.031   1955> -.023   1949< -.021  Higher   1978  .053   1946  .049
     1950 to 1999 segment:
       Lower   1954> -.066   1967< -.047   1950< -.040   1986> -.034   1955> -.028   1991< -.027  Higher   1978  .076   1998  .075

 [E] Outliers     1   3.0 SD above or -4.5 SD below mean for year
       1948 +3.6 SD
====================================================================================================================================

 STC822a   1891 to  2015     125 years                                                                                    Series  34

 [A] Segment   High   -10   -9   -8   -7   -6   -5   -4   -3   -2   -1   +0   +1   +2   +3   +4   +5   +6   +7   +8   +9  +10
    ---------  ----   ---  ---  ---  ---  ---  ---  ---  ---  ---  ---  ---  ---  ---  ---  ---  ---  ---  ---  ---  ---  ---
    1891 1940   -1   -.25 -.12  .06 -.04 -.30  .11 -.01  .03 -.17  .27* .19| .02  .03 -.01  .00 -.11  .09 -.13 -.08  .05  .07
    1900 1949   -1   -.36 -.13  .08 -.06 -.29  .07 -.02  .04 -.10  .27* .13|-.06  .09 -.01  .04 -.10  .13 -.11 -.09  .11  .11
    1925 1974   -5   -.22 -.19 -.02 -.14 -.17  .45*-.07 -.10 -.06  .24  .04|-.14  .01  .00 -.10 -.12  .02 -.03 -.14  .18  .27
    1950 1999   10    .09 -.07 -.15 -.13 -.06  .30 -.09 -.31 -.12 -.18  .17| .04 -.05  .08 -.15 -.21 -.15  .29  .08  .09  .35*
    1966 2015    0    .03 -.01 -.03 -.02 -.25 -.09 -.29 -.33  .01 -.06  .29*   -    -    -    -    -    -    -    -    -    -

 [B] Entire series, effect on correlation (  .145) is:
       Lower   1946> -.033   1915> -.028   1954> -.024   1895> -.011   1951< -.011   1922< -.010  Higher   2009  .015   1909  .014
     1891 to 1940 segment:
       Lower   1915> -.069   1926< -.026   1895> -.023   1936> -.020   1922< -.018   1900> -.017  Higher   1909  .022   1920  .021
     1900 to 1949 segment:
       Lower   1946> -.064   1915> -.058   1936> -.018   1900> -.017   1922< -.016   1923< -.013  Higher   1909  .027   1920  .020
     1925 to 1974 segment:
       Lower   1946> -.083   1954> -.058   1951< -.021   1936> -.021   1955> -.016   1953> -.015  Higher   1937  .034   1927  .025
     1950 to 1999 segment:
       Lower   1954> -.113   1951< -.047   1953> -.030   1955> -.030   1999< -.026   1966> -.024  Higher   1978  .052   1996  .040
     1966 to 2015 segment:
       Lower   2001< -.029   2004< -.027   1999< -.026   1966> -.022   2006> -.019   1986> -.018  Higher   2009  .042   1978  .035

 [C] Year-to-year changes diverging by over 4.0 std deviations:
       1936 1937  -4.0 SD    1945 1946   4.1 SD

 [E] Outliers     4   3.0 SD above or -4.5 SD below mean for year
       1915 +3.2 SD;    1946 +3.4 SD;    1954 +4.3 SD;    1955 +3.2 SD
====================================================================================================================================
PART 7:  DESCRIPTIVE STATISTICS:                                                                   10:23  Fri 11 Feb 2016  Page   7
------------------------------------------------------------------------------------------------------------------------------------

                                                Corr   //-------- Unfiltered --------\\  //---- Filtered -----\\
                           No.    No.    No.    with   Mean   Max     Std   Auto   Mean   Max     Std   Auto  AR
 Seq Series   Interval   Years  Segmt  Flags   Master  msmt   msmt    dev   corr   sens  value    dev   corr  ()
 --- -------- ---------  -----  -----  -----   ------ -----  -----  -----  -----  -----  -----  -----  -----  --
   1 SC010    1835 2008    174      7      0    .755    .91   1.49   .263   .680   .177   2.66   .377  -.028   1
   2 SC012    1840 2008    169      7      0    .701   1.05   1.86   .293   .641   .199   2.53   .416  -.057   2
   3 SC021    1864 2008    145      6      0    .650   1.42   3.25   .527   .741   .193   2.54   .400  -.046   3
   4 SC030    1797 2008    212      9      1    .674    .98   1.93   .410   .773   .230   2.61   .385  -.027   2
   5 SC041    1880 2008    129      5      0    .674   1.56   3.35   .380   .310   .200   2.85   .469  -.030   3
   6 SC050    1811 2008    198      8      0    .631   1.36   2.47   .391   .546   .209   2.46   .325  -.015   1
   7 SC051    1821 2008    188      8      0    .618   1.45   3.30   .431   .577   .206   2.73   .481  -.034   1
   8 SC060    1789 2008    220      9      0    .553   1.33   3.43   .596   .886   .161   2.52   .332  -.046   1
   9 SC061    1759 1997    239      9      0    .494    .82   1.89   .342   .811   .193   2.50   .313  -.011   1
  10 SC071    1877 2008    132      5      2    .497   1.54   4.74   .878   .914   .207   2.46   .339  -.070   1
  11 SC081    1915 2008     94      4      1    .475   2.16   4.33   .818   .780   .164   2.62   .501   .010   1
  12 SC091    1818 2008    191      8      5    .351   1.43   3.31   .527   .688   .224   2.53   .386  -.010   1
  13 SC100    1743 2008    266     11      0    .632    .68   1.48   .268   .746   .207   2.63   .488  -.026   1
  14 SC102    1751 2008    258     10      0    .647    .69   1.90   .254   .670   .209   2.72   .517  -.039   2
  15 SC110    1760 2008    249     10      5    .358    .71   2.37   .364   .842   .186   2.80   .404  -.020   2
  16 SC121    1757 2008    252     10      0    .603    .99   3.90   .545   .718   .203   2.59   .366  -.039   1
  17 SC131    1825 2008    184      7      1    .640    .95   1.94   .282   .699   .176   2.58   .413  -.053   1
  18 SC141    1869 2008    140      6      0    .625   1.40   2.69   .474   .767   .198   2.74   .464  -.049   1
  19 SC150    1859 2008    150      6      0    .538   1.33   2.71   .451   .724   .206   2.53   .387   .013   1
  20 SC160    1757 2008    252     10      2    .477   1.10   2.60   .416   .803   .169   2.66   .377  -.048   1
  21 SC171    1756 1971    216      8      0    .514    .96   2.37   .470   .873   .189   2.64   .405  -.003   1
  22 SC180    1730 2008    279     11      1    .553    .89   1.90   .291   .732   .192   2.60   .399  -.039   1
  23 SC182    1695 2008    314     11      0    .614    .86   2.11   .344   .812   .198   2.59   .384  -.027   1
  24 SC191    1762 2008    247     10      0    .638    .87   2.36   .358   .829   .186   2.53   .331  -.023   1
  25 SC192    1755 2008    254     10      2    .612    .91   2.57   .393   .802   .193   2.53   .371  -.029   1
  26 SC201    1792 2008    217      9      2    .466   1.07   3.25   .374   .714   .171   2.78   .407  -.039   3
  27 SC210    1864 1995    132      5      0    .587   1.59   3.97   .669   .703   .219   2.53   .351   .026   1
  28 SC220    1756 2008    253     10      1    .596   1.15   2.87   .523   .795   .214   2.58   .487  -.014   1
  29 STC211c  1881 2015    135      5      5    .254   1.24   3.12   .482   .559   .281   2.89   .561   .074   1
  30 STC411c  1913 2015    103      4      4    .197   1.50   2.86   .528   .650   .202   2.59   .394   .013   1
  31 STC522a  1907 2015    109      4      4    .075   1.82   5.41   .972   .832   .235   2.71   .489  -.034   1
  32 STC611a  1899 2015    117      5      4    .324   1.03   2.47   .410   .731   .210   2.71   .442  -.011   1
  33 STC711b  1936 2015     80      3      2    .292   1.39   3.28   .508   .456   .246   2.73   .511   .029   1
  34 STC822a  1891 2015    125      5      5    .145    .61   1.50   .264   .776   .202   2.49   .395  -.042   1
 --- -------- ---------  -----  -----  -----   ------ -----  -----  -----  -----  -----  -----  -----  -----  --
 Total or mean:           6423    255     47    .538   1.09   5.41   .429   .737   .199   2.89   .408  -.025

                                              - = [  COFECHA WITESCOF  ] = -
