[]  Dendrochronology Program Library                                        Run BONAL  Program COF  15:42  Fri 29 Jan 2016  Page   1
[]
[]  P R O G R A M      C O F E C H A                                                                          Version 6.06P    29615
------------------------------------------------------------------------------------------------------------------------------------

 QUALITY CONTROL AND DATING CHECK OF TREE-RING MEASUREMENTS

 Title of run:           ALLbonrwls                              

 File of DATED series:   BONall.rwl

 CONTENTS:

    Part 1:  Title page, options selected, summary, absent rings by series
    Part 2:  Histogram of time spans
    Part 3:  Master series with sample depth and absent rings by year
    Part 4:  Bar plot of Master Dating Series
    Part 5:  Correlation by segment of each series with Master
    Part 6:  Potential problems: low correlation, divergent year-to-year changes, absent rings, outliers
    Part 7:  Descriptive statistics

 RUN CONTROL OPTIONS SELECTED                             VALUE

         1  Cubic smoothing spline 50% wavelength cutoff for filtering
                                                            32 years
         2  Segments examined are                           50 years lagged successively by  25 years
         3  Autoregressive model applied                     A  Residuals are used in master dating series and testing
         4  Series transformed to logarithms                 Y  Each series log-transformed for master dating series and testing
         5  CORRELATION is Spearman (nonparametric, robust)
            Critical correlation, 99% confidence level   .3281
         6  Master dating series saved                       V
         7  Ring measurements listed                         Y
         8  Parts printed                             12345678 
         9  Absent rings are omitted from master series and segment correlations  (Y)

 Text in file: ebe96c64   Unnamed object                                      UNKN             

 Text in file: ebe96c64   Unknown      Plantae                                      1879 2016  

 Text in file: ebe96c64   KH                                                             201601

 Time span of Master dating series is  1879 to  2015   137 years
 Continuous time span is               1879 to  2015   137 years
 Portion with two or more series is    1879 to  2015   137 years


 Text in file: ebe96c64   Unnamed object                                      UNKN             

 Text in file: ebe96c64   Unknown      Plantae                                      1879 2016  

 Text in file: ebe96c64   KH                                                             201601

                                        ****************************************
                                        *C* Number of dated series        12 *C*
                                        *O* Master series 1879 2015  137 yrs *O*
                                        *F* Total rings in all series   1247 *F*
                                        *E* Total dated rings checked   1247 *E*
                                        *C* Series intercorrelation     .468 *C*
                                        *H* Average mean sensitivity    .253 *H*
                                        *A* Segments, possible problems    9 *A*
                                        *** Mean length of series      103.9 ***
                                        ****************************************

 ABSENT RINGS listed by SERIES:            (See Master Dating Series for absent rings listed by year)

               No ring measurements of zero value
PART 2:  TIME PLOT OF TREE-RING SERIES: ALLbonrwls                                                 15:42  Fri 29 Jan 2016  Page   2
------------------------------------------------------------------------------------------------------------------------------------
 1050 1100 1150 1200 1250 1300 1350 1400 1450 1500 1550 1600 1650 1700 1750 1800 1850 1900 1950 2000 2050 Ident   Seq Time-span  Yrs
   :    :    :    :    :    :    :    :    :    :    :    :    :    :    :    :    :    :    :    :    : -------- --- ---- ---- ----
   .    .    .    .    .    .    .    .    .    .    .    .    .    .    .    .    . <=============>   . BON411a    1 1879 2015  137
   .    .    .    .    .    .    .    .    .    .    .    .    .    .    .    .    .    .<=========>   . BON511a    2 1910 2015  106
   .    .    .    .    .    .    .    .    .    .    .    .    .    .    .    .    .    .   <======>   . BON611a    3 1942 2015   74
   .    .    .    .    .    .    .    .    .    .    .    .    .    .    .    .    .   <===========>   . BON711a    4 1890 2015  126
   .    .    .    .    .    .    .    .    .    .    .    .    .    .    .    .    .    . <========>   . BON811a    5 1920 2015   96
   .    .    .    .    .    .    .    .    .    .    .    .    .    .    .    .    .    <==========>   . BON911a    6 1907 2015  109
   .    .    .    .    .    .    .    .    .    .    .    .    .    .    .    .    .   <===========>   . BON1011a   7 1897 2015  119
   .    .    .    .    .    .    .    .    .    .    .    .    .    .    .    .    .    .    <=====>   . BON1111a   8 1952 2015   64
   .    .    .    .    .    .    .    .    .    .    .    .    .    .    .    .    .    .    .   <=>   . BON1211a   9 1991 2015   25
   .    .    .    .    .    .    .    .    .    .    .    .    .    .    .    .    . <=============>   . BON1311b  10 1879 2015  137
   .    .    .    .    .    .    .    .    .    .    .    .    .    .    .    .    .  <============>   . BON1411a  11 1888 2015  128
   .    .    .    .    .    .    .    .    .    .    .    .    .    .    .    .    .   <===========>   . BONNew E  12 1890 2015  126
   :    :    :    :    :    :    :    :    :    :    :    :    :    :    :    :    :    :    :    :    :
 1050 1100 1150 1200 1250 1300 1350 1400 1450 1500 1550 1600 1650 1700 1750 1800 1850 1900 1950 2000 2050
PART 3:  Master Dating Series: ALLbonrwls                                                          15:42  Fri 29 Jan 2016  Page   3
------------------------------------------------------------------------------------------------------------------------------------
  Year  Value  No Ab    Year  Value  No Ab    Year  Value  No Ab    Year  Value  No Ab    Year  Value  No Ab    Year  Value  No Ab
  ------------------    ------------------    ------------------    ------------------    ------------------    ------------------
                        1900 -1.078   6       1950  -.778  10       2000  -.286  12
                        1901   .248   6       1951  -.060  10       2001  1.256  12
                        1902   .413   6       1952   .118  11       2002  -.458  12
                        1903   .575   6       1953 -1.234  11       2003  -.181  12
                        1904 -1.185   6       1954  -.224  11       2004  -.768  12
                        1905   .975   6       1955   .533  11       2005   .276  12
                        1906  -.364   6       1956  1.479  11       2006 -1.437  12
                        1907 -1.577   7       1957  1.284  11       2007 -1.583  12
                        1908  -.244   7       1958  -.131  11       2008  1.729  12
                        1909  -.685   7       1959 -1.322  11       2009   .490  12

                        1910  -.790   8       1960 -1.526  11       2010  -.972  12
                        1911 -2.430   8       1961   .117  11       2011  1.178  12
                        1912   .783   8       1962   .750  11       2012  -.782  12
                        1913   .614   8       1963  -.220  11       2013   .115  12
                        1914   .502   8       1964   .690  11       2014   .920  12
                        1915   .740   8       1965  1.686  11       2015  -.698  12
                        1916  1.741   8       1966   .541  11
                        1917   .266   8       1967   .886  11
                        1918  -.229   8       1968  -.684  11
                        1919   .596   8       1969   .211  11

                        1920  1.165   9       1970  -.563  11
                        1921   .150   9       1971 -1.139  11
                        1922  -.728   9       1972  -.207  11
                        1923 -1.942   9       1973  -.207  11
                        1924  -.303   9       1974  -.750  11
                        1925  -.327   9       1975   .693  11
                        1926  -.646   9       1976 -2.067  11
                        1927  1.181   9       1977  -.679  11
                        1928  2.323   9       1978  1.146  11
  1879   .823   2       1929  1.009   9       1979  2.169  11

  1880 -1.282   2       1930  -.063   9       1980  1.310  11
  1881   .548   2       1931  -.307   9       1981  -.605  11
  1882  -.086   2       1932  -.785   9       1982  1.306  11
  1883  -.347   2       1933  -.496   9       1983 -1.128  11
  1884   .918   2       1934 -2.757   9       1984  -.154  11
  1885  1.300   2       1935   .508   9       1985  -.300  11
  1886 -1.870   2       1936 -1.997   9       1986   .778  11
  1887 -3.157   2       1937   .703   9       1987  -.285  11
  1888  1.335   3       1938  1.031   9       1988 -1.248  11
  1889   .210   3       1939  -.143   9       1989  -.552  11

  1890   .387   5       1940  -.757   9       1990  -.876  11
  1891  -.121   5       1941   .755   9       1991   .225  12
  1892   .451   5       1942   .744  10       1992  -.121  12
  1893  -.394   5       1943   .722  10       1993  1.855  12
  1894   .214   5       1944   .129  10       1994  -.077  12
  1895   .214   5       1945  1.551  10       1995   .847  12
  1896  1.027   5       1946 -1.123  10       1996 -1.066  12
  1897   .229   6       1947  -.557  10       1997   .692  12
  1898  -.116   6       1948  -.347  10       1998  1.354  12
  1899   .487   6       1949   .532  10       1999  -.140  12
------------------------------------------------------------------------------------------------------------------------------------
PART 4:  Master Bar Plot: ALLbonrwls                                                               15:42  Fri 29 Jan 2016  Page   4
------------------------------------------------------------------------------------------------------------------------------------
   Year Rel value  Year Rel value  Year Rel value  Year Rel value  Year Rel value  Year Rel value  Year Rel value  Year Rel value
                   1900-d          1950--c         2000---a
                   1901------A     1951-----@      2001---------E
                   1902-------B    1952------@     2002---b
                   1903-------B    1953-e          2003----a
                   1904-e          1954----a       2004--c
                   1905---------D  1955-------B    2005------A
                   1906---a        1956----------F 2006-f
                   1907f           1957---------E  2007f
                   1908----a       1958-----a      2008----------G
                   1909--c         1959-e          2009-------B
                   1910--c         1960f           2010-d
                   1911j           1961------@     2011---------E
                   1912--------C   1962--------C   2012--c
                   1913-------B    1963----a       2013------@
                   1914-------B    1964--------C   2014--------D
                   1915--------C   1965----------G 2015--c
                   1916----------G 1966-------B
                   1917------A     1967--------D
                   1918----a       1968--c
                   1919-------B    1969------A
                   1920---------E  1970--b
                   1921------A     1971-e
                   1922--c         1972----a
                   1923h           1973----a
                   1924---a        1974--c
                   1925---a        1975--------C
                   1926--c         1976h
                   1927---------E  1977--c
                   1928----------I 1978---------E
   1879--------C   1929---------D  1979----------I
   1880-e          1930-----@      1980---------E
   1881-------B    1931---a        1981--b
   1882-----@      1932--c         1982---------E
   1883---a        1933---b        1983-e
   1884--------D   1934k           1984----a
   1885---------E  1935-------B    1985---a
   1886g           1936h           1986--------C
   1887m           1937--------C   1987---a
   1888---------E  1938---------D  1988-e
   1889------A     1939----a       1989--b
   1890------B     1940--c         1990--d
   1891-----@      1941--------C   1991------A
   1892-------B    1942--------C   1992-----@
   1893---b        1943--------C   1993----------G
   1894------A     1944------A     1994-----@
   1895------A     1945----------F 1995--------C
   1896---------D  1946-d          1996-d
   1897------A     1947--b         1997--------C
   1898-----@      1948---a        1998---------E
   1899-------B    1949-------B    1999----a
PART 5:  CORRELATION OF SERIES BY SEGMENTS: ALLbonrwls                                             15:42  Fri 29 Jan 2016  Page   5
------------------------------------------------------------------------------------------------------------------------------------
 Correlations of  50-year dated segments, lagged  25 years
 Flags:  A = correlation under   .3281 but highest as dated;  B = correlation higher at other than dated position

 Seq Series  Time_span   1875 1900 1925 1950 1975
                         1924 1949 1974 1999 2024
 --- -------- ---------  ---- ---- ---- ---- ---- ---- ---- ---- ---- ---- ---- ---- ---- ---- ---- ---- ---- ---- ---- ----
   1 BON411a  1879 2015   .47  .62  .58  .56  .69
   2 BON511a  1910 2015        .56  .57  .60  .64
   3 BON611a  1942 2015             .56  .51  .62
   4 BON711a  1890 2015   .20A .21B .10B .41  .64
   5 BON811a  1920 2015        .51  .53  .45  .34
   6 BON911a  1907 2015        .63  .63  .46  .39
   7 BON1011a 1897 2015   .55  .59  .55  .56  .62
   8 BON1111a 1952 2015                  .55  .39
   9 BON1211a 1991 2015                       .22B
  10 BON1311b 1879 2015   .35B .54  .63  .59  .53
  11 BON1411a 1888 2015   .38  .54  .41  .51  .27A
  12 BONNew E 1890 2015   .18B .13B .13B .38  .65
 Av segment correlation   .35  .48  .47  .51  .50
PART 6:  POTENTIAL PROBLEMS: ALLbonrwls                                                            15:42  Fri 29 Jan 2016  Page   5
------------------------------------------------------------------------------------------------------------------------------------

 For each series with potential problems the following diagnostics may appear:

 [A] Correlations with master dating series of flagged  50-year segments of series filtered with  32-year spline,
     at every point from ten years earlier (-10) to ten years later (+10) than dated

 [B] Effect of those data values which most lower or raise correlation with master series
     Symbol following year indicates value in series is greater (>) or lesser (<) than master series value

 [C] Year-to-year changes very different from the mean change in other series

 [D] Absent rings (zero values)

 [E] Values which are statistical outliers from mean for the year
====================================================================================================================================

 BON411a   1879 to  2015     137 years                                                                                    Series   1

 [B] Entire series, effect on correlation (  .553) is:
       Lower   1883< -.016   1884< -.015   1997< -.011   1995< -.010   1953> -.009   1916< -.009  Higher   1934  .020   1887  .015


 BON411a  Ring measurements
                          Annual values
 Date     0    1    2    3    4    5    6    7    8    9
 1879                                                 242
 1880     95   86   95   53   80  205   88   48  127  159
 1890    112  110  190  131  132  161  190  141  132  180
 1900    117  190  243  185   83  130   89   69  108   97
 1910     92   49   78  106  146  182  118  135  116  139
 1920    171  138   67   68   95   96   86   95  148  117
 1930     92   62   67   83   25   75   49   74   99   83
 1940     84  103  115  230  127   85   58   60   49   61
 1950     54   55   71   86   48   51   81  122  107   68
 1960     67  156  100   82   86  107   97  124   63   62
 1970     40   39   60   82   63   97   65   72  113  117
 1980    165   59  144   63   86  101   83   85   67   80
 1990     86   96   99  188   93   67   53   56   96  120
 2000    121  144   99   74   66   78   54   43   96   93
 2010     87  120   60   48   74   45
====================================================================================================================================

 BON511a   1910 to  2015     106 years                                                                                    Series   2

 [B] Entire series, effect on correlation (  .625) is:
       Lower   1936> -.019   1919< -.012   1996> -.012   1994> -.012   2010> -.011   1932> -.011  Higher   1976  .022   1934  .021


 BON511a  Ring measurements
                          Annual values
 Date     0    1    2    3    4    5    6    7    8    9
 1910     45   32   49   57   92   76  135  109   83   73
 1920    105  112  103   89  104  112  128  213  223  185
 1930    109  116  148  106   65  168  130  160  128  118
 1940    109  150  216  160  168  185   69   69   59   84
 1950     83   64  107   79   90  112  125  129  146   99
 1960     74  110  158  119  144  140  162  183  170  226
 1970    157  155  205  167  111  170  105  126  200  230
 1980    202  122  170  111  160  158  195  140   99  119
 1990     89  131  138  151  190  184  158  212  160  132
 2000    118  131  128  127   98  132   91  112  192  164
 2010    148  165  113  109  114   94
====================================================================================================================================

 BON611a   1942 to  2015      74 years                                                                                    Series   3

 [B] Entire series, effect on correlation (  .514) is:
       Lower   1964< -.028   1995< -.026   1960> -.024   1983> -.024   1963< -.024   2003< -.010  Higher   1946  .025   1996  .015


 BON611a  Ring measurements
                          Annual values
 Date     0    1    2    3    4    5    6    7    8    9
 1942              369  235  153  296  132  221  212  236
 1950    148  222  198  175  214  220  254  244  224  133
 1960    214  211  247  149  173  259  240  286  209  229
 1970    178  232  231  265  242  246  209  255  325  324
 1980    244  209  359  274  275  232  248  264  230  263
 1990    250  326  283  261  227  204  190  245  270  262
 2000    247  290  206  179  172  293  216  208  341  260
 2010    220  289  227  290  284  250
====================================================================================================================================

 BON711a   1890 to  2015     126 years                                                                                    Series   4

 [A] Segment   High   -10   -9   -8   -7   -6   -5   -4   -3   -2   -1   +0   +1   +2   +3   +4   +5   +6   +7   +8   +9  +10
    ---------  ----   ---  ---  ---  ---  ---  ---  ---  ---  ---  ---  ---  ---  ---  ---  ---  ---  ---  ---  ---  ---  ---
    1890 1939    0   -.06 -.09  .02 -.05 -.28 -.10  .14  .04  .10  .01  .20*-.06 -.05  .04  .19 -.28  .08  .02 -.04 -.10 -.01
    1900 1949    4    .03 -.03 -.12  .00 -.24 -.18  .13  .16  .02  .07  .21| .09 -.12 -.01  .24*-.34 -.01  .01  .08 -.25  .08
    1925 1974   10   -.17 -.09 -.01  .08 -.04 -.13 -.18  .13  .23 -.11  .10| .25 -.07 -.15 -.27 -.14  .12 -.14  .18 -.25  .36*

 [B] Entire series, effect on correlation (  .306) is:
       Lower   1965< -.021   1945< -.020   1914< -.015   1897< -.014   1982< -.011   2007< -.010  Higher   1993  .014   2008  .012
     1890 to 1939 segment:
       Lower   1914< -.036   1897< -.033   1895< -.022   1919< -.022   1923> -.017   1938< -.013  Higher   1928  .036   1934  .029
     1900 to 1949 segment:
       Lower   1945< -.049   1914< -.040   1919< -.023   1923> -.016   1938< -.014   1906> -.012  Higher   1928  .037   1934  .029
     1925 to 1974 segment:
       Lower   1965< -.052   1945< -.049   1954> -.021   1962< -.014   1938< -.013   1966< -.011  Higher   1928  .044   1934  .037

 [E] Outliers     2   3.0 SD above or -4.5 SD below mean for year
       1937 +3.7 SD;    2007 -5.4 SD

 BON711a  Ring measurements
                          Annual values
 Date     0    1    2    3    4    5    6    7    8    9
 1890    145   83   49   46   46   28   45   22   23   41
 1900     34   62   69   44   28   40   54   33   43   47
 1910     55   48  133  141   58   74   89   83  100   62
 1920     72   67   68   76   73   67   39   83  134  108
 1930     90  127   99   71   50   69   64  570  191  116
 1940     76  103   99   89  144   71   77   99  140  101
 1950    130  145   96   93  236  240  207  147   88  119
 1960     93  101   97  136  189  111   98  134  133  157
 1970    130  100  129  108  108  146  102  169  292  231
 1980    193  123  100   79   91   92  166  126  102  128
 1990    134  141  192  263  184  267  152  204  264  138
 2000    158  207  132  184  150  141  127   87  178  151
 2010    133  156  159  154  165  131
====================================================================================================================================

 BON811a   1920 to  2015      96 years                                                                                    Series   5

 [B] Entire series, effect on correlation (  .479) is:
       Lower   1946> -.025   1920< -.022   1981> -.017   2004> -.017   1971> -.014   1999< -.012  Higher   1936  .027   1934  .021


 BON811a  Ring measurements
                          Annual values
 Date     0    1    2    3    4    5    6    7    8    9
 1920    172  182  197  146  198  189  209  186  292  245
 1930    195  228  169  130  108  218  133  251  320  184
 1940    167  228  233  316  150  333  292  171  144  253
 1950    217  146  134  102  167  263  273  237  191  118
 1960    152  264  273  163  188  342  272  185  167  171
 1970    234  259  184  172  202  221  164  202  225  348
 1980    273  247  199  173  225  229  252  126   90  122
 1990    147  197  210  320  289  282  187  222  188   89
 2000    107  178  171  223  265  258  165   99  193  149
 2010    103  119   81  148  123   83
====================================================================================================================================

 BON911a   1907 to  2015     109 years                                                                                    Series   6

 [B] Entire series, effect on correlation (  .555) is:
       Lower   1985< -.029   1988> -.017   2006> -.014   1932> -.013   1969< -.013   1909> -.012  Higher   1934  .034   1936  .020


 BON911a  Ring measurements
                          Annual values
 Date     0    1    2    3    4    5    6    7    8    9
 1907                                       252  388  417
 1910    266  239  373  300  282  430  478  338  276  334
 1920    312  274  311  197  215  266  187  395  374  288
 1930    231  248  313  237  121  287  157  357  307  238
 1940    205  236  257  315  290  342  214  302  321  341
 1950    253  303  309  273  361  345  354  339  222  191
 1960    258  257  380  283  264  360  279  275  201  163
 1970    203  154  251  235  245  258  170  183  196  198
 1980    161  133  167  123  145  111  153  150  170  179
 1990    171  150  156  165  123  141  103  150  168  146
 2000    117  143  144  128  138  164  155  163  290  165
 2010    101  139  113  107  130  106
====================================================================================================================================

 BON1011a  1897 to  2015     119 years                                                                                    Series   7

 [B] Entire series, effect on correlation (  .558) is:
       Lower   1923> -.027   1996> -.013   1941< -.012   1976< -.010   1897> -.009   1967< -.009  Higher   1911  .012   1934  .011

 [E] Outliers     1   3.0 SD above or -4.5 SD below mean for year
       1976 -4.8 SD

 BON1011a Ring measurements
                          Annual values
 Date     0    1    2    3    4    5    6    7    8    9
 1897                                       241  117  106
 1900     73   71   97  149   49  120  110   60   70   66
 1910     70   55   95   97  118  137  173  140  139  190
 1920    203  143  143  163  157  170  122  220  202  165
 1930    106  112  125  113   76  131   80  161  138   94
 1940     75   90  113  130  150  208  132  146  169  226
 1950     99  168  158  151  151  219  245  222  200  179
 1960    194  209  258  258  217  283  227  191  175  209
 1970    222  177  185  201  187  196  118  161  191  227
 1980    183  188  200  147  191  189  216  201  163  181
 1990    165  195  182  201  206  268  233  257  240  232
 2000    189  255  216  201  182  213  174  198  243  187
 2010    168  216  179  228  228  186
====================================================================================================================================

 BON1111a  1952 to  2015      64 years                                                                                    Series   8

 [B] Entire series, effect on correlation (  .466) is:
       Lower   2007> -.031   2013< -.028   1983> -.027   2010> -.024   1997< -.023   1969> -.021  Higher   1976  .049   1993  .028

 [E] Outliers     1   3.0 SD above or -4.5 SD below mean for year
       1969 +3.3 SD

 BON1111a Ring measurements
                          Annual values
 Date     0    1    2    3    4    5    6    7    8    9
 1952              149  103  129  138  193  157  100  131
 1960     74  114  145  160  171  195  131  160  135  282
 1970    160  154  146  161  141  159  115  127  185  243
 1980    231  202  222  204  202  180  183  180  172  158
 1990    183  211  156  306  204  200  167  166  244  181
 2000    215  218  163  201  175  224  181  235  253  245
 2010    228  230  171  139  172  180
====================================================================================================================================

 BON1211a  1991 to  2015      25 years                                                                                    Series   9

 [A] Segment   High   -10   -9   -8   -7   -6   -5   -4   -3   -2   -1   +0   +1   +2   +3   +4   +5   +6   +7   +8   +9  +10
    ---------  ----   ---  ---  ---  ---  ---  ---  ---  ---  ---  ---  ---  ---  ---  ---  ---  ---  ---  ---  ---  ---  ---
    1991 2015   -3    .10 -.07 -.11 -.23  .23 -.18  .25  .54*-.02 -.01  .22|   -    -    -    -    -    -    -    -    -    -

 [B] Entire series, effect on correlation (  .194) is:
       Lower   1996> -.093   2006> -.025   2013< -.017   2007> -.016   2004> -.015   2015> -.014  Higher   2010  .067   2001  .046
     1991 to 2015 segment:
       Lower   1996> -.093   2006> -.025   2013< -.017   2007> -.016   2004> -.015   2015> -.014  Higher   2010  .067   2001  .046


 BON1211a Ring measurements
                          Annual values
 Date     0    1    2    3    4    5    6    7    8    9
 1991         200  175  337  242  320  328  292  348  196
 2000    258  361  238  318  242  237  250  239  229  225
 2010    156  297  172  190  203  189
====================================================================================================================================

 BON1311b  1879 to  2015     137 years                                                                                    Series  10

 [A] Segment   High   -10   -9   -8   -7   -6   -5   -4   -3   -2   -1   +0   +1   +2   +3   +4   +5   +6   +7   +8   +9  +10
    ---------  ----   ---  ---  ---  ---  ---  ---  ---  ---  ---  ---  ---  ---  ---  ---  ---  ---  ---  ---  ---  ---  ---
    1879 1928    7      -    -    -    -    -    -    -    -    -    -  .35| .05 -.10 -.08  .18  .00 -.01  .40*-.02  .13 -.02

 [B] Entire series, effect on correlation (  .510) is:
       Lower   1902< -.025   1883> -.016   1879< -.015   1967< -.011   1909> -.011   1924< -.009  Higher   1936  .020   1887  .018
     1879 to 1928 segment:
       Lower   1902< -.058   1883> -.039   1879< -.029   1909> -.028   1924< -.021   1884> -.020  Higher   1887  .058   1911  .034


 BON1311b Ring measurements
                          Annual values
 Date     0    1    2    3    4    5    6    7    8    9
 1879                                                 147
 1880    107  216  168  199  254  171  100  100  208  165
 1890    140  139  194  152  151  170  213  132  158  112
 1900     63  102   80  130   83  121  100   90  116  138
 1910    120   57  140  111  106  108  106   65   64   91
 1920     85   49   52   51   49   51   63   68   72   59
 1930     67   53   59   64   57   90   51   76   81   75
 1940     75  100   96   77   75  112   57   71   61   77
 1950     73  101   75   72   87  112  111   96   81   61
 1960     76   90   88   75   84  118   80   59   60   78
 1970     78   78  111   65   63  138   76   59   86  116
 1980    106   93  131   99   96  134  127   82  103  111
 1990     87  109  103  124   87  106   80  105  104   89
 2000    105  124   81   73   71  101   57   84  149   90
 2010     93  113   90  100   99   98
====================================================================================================================================

 BON1411a  1888 to  2015     128 years                                                                                    Series  11

 [A] Segment   High   -10   -9   -8   -7   -6   -5   -4   -3   -2   -1   +0   +1   +2   +3   +4   +5   +6   +7   +8   +9  +10
    ---------  ----   ---  ---  ---  ---  ---  ---  ---  ---  ---  ---  ---  ---  ---  ---  ---  ---  ---  ---  ---  ---  ---
    1966 2015    0   -.19 -.07 -.18 -.13  .08 -.04 -.03 -.09  .20  .23  .27*   -    -    -    -    -    -    -    -    -    -

 [B] Entire series, effect on correlation (  .326) is:
       Lower   2008< -.070   1937< -.026   1934> -.022   2005< -.013   1944< -.012   1897> -.010  Higher   1923  .029   1946  .019
     1966 to 2015 segment:
       Lower   2008< -.197   2005< -.033   2011< -.025   2001< -.017   1999> -.016   2000> -.014  Higher   1983  .044   2006  .041

 [C] Year-to-year changes diverging by over 4.0 std deviations:
       2007 2008  -4.1 SD    2008 2009   4.1 SD

 [E] Outliers     1   3.0 SD above or -4.5 SD below mean for year
       2008 -5.7 SD

 BON1411a Ring measurements
                          Annual values
 Date     0    1    2    3    4    5    6    7    8    9
 1888                                            201   35
 1890     32   30   29  106   76  122  225  305  128   97
 1900     50   69  111   92   58   94   57   38   47   26
 1910     33   25   71   51   49   43   45   29   24   33
 1920     42   31   27   20   36   31   41   37   54   35
 1930     36   33   27   41   43   46   39   33   70   56
 1940     55   76   62   66   38   99   49   42   55   56
 1950     50   68   81   50   56   56   57   98   51   64
 1960     54   53   54   57   93  110   80   99   63   54
 1970     49   45   45   62   57   71   63   53   64   96
 1980    132   94  132   66   65   67   64   71   66   62
 1990     71   62   82   73   55   64   46   67   78   92
 2000     92   60   66   67   72   41   35   38   23   86
 2010     80   69  107  152  232  185
====================================================================================================================================

 BONNew E  1890 to  2015     126 years                                                                                    Series  12

 [A] Segment   High   -10   -9   -8   -7   -6   -5   -4   -3   -2   -1   +0   +1   +2   +3   +4   +5   +6   +7   +8   +9  +10
    ---------  ----   ---  ---  ---  ---  ---  ---  ---  ---  ---  ---  ---  ---  ---  ---  ---  ---  ---  ---  ---  ---  ---
    1890 1939    8   -.13 -.04 -.09 -.10  .11 -.02  .12  .14  .28 -.01  .18|-.03 -.02 -.19  .01 -.34 -.30  .05  .30*-.06 -.10
    1900 1949    8   -.20 -.02  .01 -.10  .12 -.13  .20  .23  .13  .03  .13| .08 -.12 -.24  .03 -.32 -.28  .04  .46*-.13 -.01
    1925 1974   -3    .01  .10 -.21  .06 -.13 -.14 -.05  .25* .23  .24  .13|-.16 -.15 -.18  .03 -.09 -.01 -.08  .17 -.19 -.06

 [B] Entire series, effect on correlation (  .269) is:
       Lower   1904> -.025   1896< -.023   1955< -.021   1900> -.021   1946> -.016   1950> -.016  Higher   1936  .037   1960  .020
     1890 to 1939 segment:
       Lower   1904> -.056   1896< -.052   1900> -.046   1937< -.031   1915< -.029   1911> -.015  Higher   1936  .106   1934  .033
     1900 to 1949 segment:
       Lower   1904> -.049   1900> -.040   1937< -.031   1915< -.029   1946> -.028   1942< -.026  Higher   1936  .101   1934  .035
     1925 to 1974 segment:
       Lower   1955< -.045   1946> -.040   1950> -.038   1937< -.028   1959> -.027   1942< -.024  Higher   1936  .098   1960  .050


 BONNew E Ring measurements
                          Annual values
 Date     0    1    2    3    4    5    6    7    8    9
 1890    123  113  100   70  110   85   56   52   69  107
 1900    101   75   46   39   77   94   36   40   40   28
 1910     30   36   40   42   34   25   38   31   34   38
 1920     50   44   22   24   28   25   21   28   30   31
 1930     29   29   17   25   19   22   15   17   23   28
 1940     25   44   26   24   47   37   44   44   57   61
 1950     71   44   62   38   35   34   60   60   77   76
 1960     51   79   69   81  118   86  100  138   94   82
 1970     92   67   76   86   93  101  104  160  162  171
 1980    155   91  133  116  101  119  173  153  106  103
 1990     93  124   87  183  111  170  115  175  160  138
 2000     96  157  118  114  116  109  100   92  165  110
 2010     86  126  118  129  141   87
====================================================================================================================================
PART 7:  DESCRIPTIVE STATISTICS: ALLbonrwls                                                        15:42  Fri 29 Jan 2016  Page   6
------------------------------------------------------------------------------------------------------------------------------------

                                                Corr   //-------- Unfiltered --------\\  //---- Filtered -----\\
                           No.    No.    No.    with   Mean   Max     Std   Auto   Mean   Max     Std   Auto  AR
 Seq Series   Interval   Years  Segmt  Flags   Master  msmt   msmt    dev   corr   sens  value    dev   corr  ()
 --- -------- ---------  -----  -----  -----   ------ -----  -----  -----  -----  -----  -----  -----  -----  --
   1 BON411a  1879 2015    137      5      0    .543    .99   2.43   .431   .456   .320   2.86   .409  -.005   1
   2 BON511a  1910 2015    106      4      0    .601   1.31   2.30   .436   .597   .240   2.77   .604  -.008   1
   3 BON611a  1942 2015     74      3      0    .609   2.39   3.69   .489   .150   .208   2.64   .501  -.029   1
   4 BON711a  1890 2015    126      5      3    .318   1.18   5.70   .695   .479   .299   3.14   .403  -.019   1
   5 BON811a  1920 2015     96      4      0    .434   1.98   3.48   .629   .426   .279   2.62   .404  -.043   2
   6 BON911a  1907 2015    109      4      0    .522   2.34   4.78   .871   .684   .219   2.99   .512  -.056   1
   7 BON1011a 1897 2015    119      5      0    .589   1.68   2.83   .535   .709   .209   2.44   .323  -.024   1
   8 BON1111a 1952 2015     64      2      0    .478   1.79   3.06   .441   .425   .200   2.83   .479   .024   1
   9 BON1211a 1991 2015     25      1      1    .219   2.50   3.61   .598   .080   .239   2.46   .506  -.116   1
  10 BON1311b 1879 2015    137      5      1    .521    .99   2.54   .377   .615   .236   2.68   .451   .025   2
  11 BON1411a 1888 2015    128      5      1    .370    .68   3.05   .423   .644   .282   2.92   .600  -.030   1
  12 BONNew E 1890 2015    126      5      3    .291    .78   1.83   .447   .815   .244   2.79   .610  -.010   1
 --- -------- ---------  -----  -----  -----   ------ -----  -----  -----  -----  -----  -----  -----  -----  --
 Total or mean:           1247     48      9    .468   1.40   5.70   .524   .558   .253   3.14   .481  -.018

                                              - = [  COFECHA BONALCOF  ] = -
